#-----------------------------------------------------------
# Vivado v2021.2 (64-bit)
# SW Build 3367213 on Tue Oct 19 02:48:09 MDT 2021
# IP Build 3369179 on Thu Oct 21 08:25:16 MDT 2021
# Start of session at: Fri Apr  1 16:44:08 2022
# Process ID: 12944
# Current directory: C:/Xilinx/Vivado/Projects/FinalProject
# Command line: vivado.exe -gui_launcher_event rodinguilauncherevent22920 C:\Xilinx\Vivado\Projects\FinalProject\FinalProject.xpr
# Log file: C:/Xilinx/Vivado/Projects/FinalProject/vivado.log
# Journal file: C:/Xilinx/Vivado/Projects/FinalProject\vivado.jou
# Running On: DESKTOP-NKGLEPF, OS: Windows, CPU Frequency: 2803 MHz, CPU Physical cores: 4, Host memory: 12674 MB
#-----------------------------------------------------------
start_gui
open_project C:/Xilinx/Vivado/Projects/FinalProject/FinalProject.xpr
WARNING: [Board 49-26] cannot add Board Part xilinx.com:vck190_es:part0:1.3 available at C:/Xilinx/Vivado/2021.2/data/xhub/boards/XilinxBoardStore/boards/Xilinx/vck190/es/1.3/board.xml as part xcvc1902-vsva2197-2mp-e-s-es1 specified in board_part file is either invalid or not available
WARNING: [Board 49-26] cannot add Board Part xilinx.com:vmk180_es:part0:1.3 available at C:/Xilinx/Vivado/2021.2/data/xhub/boards/XilinxBoardStore/boards/Xilinx/vmk180/es/1.3/board.xml as part xcvm1802-vsva2197-2mp-e-s-es1 specified in board_part file is either invalid or not available
WARNING: [Board 49-26] cannot add Board Part xilinx.com:vpk120_es:part0:1.2 available at C:/Xilinx/Vivado/2021.2/data/xhub/boards/XilinxBoardStore/boards/Xilinx/vpk120/es/1.2/board.xml as part xcvp1202-vsva2785-2mp-e-s-es1 specified in board_part file is either invalid or not available
WARNING: [Board 49-26] cannot add Board Part xilinx.com:zcu208ld:part0:2.0 available at C:/Xilinx/Vivado/2021.2/data/xhub/boards/XilinxBoardStore/boards/Xilinx/zcu208ld/production/2.0/board.xml as part xczu58dr-fsvg1517-2-i specified in board_part file is either invalid or not available
WARNING: [Board 49-26] cannot add Board Part xilinx.com:zcu208ld_es:part0:1.0 available at C:/Xilinx/Vivado/2021.2/data/xhub/boards/XilinxBoardStore/boards/Xilinx/zcu208ld/es/1.0/board.xml as part xczu58dr-fsvg1517-2-i-es1 specified in board_part file is either invalid or not available
WARNING: [Board 49-26] cannot add Board Part xilinx.com:zcu216ld:part0:2.0 available at C:/Xilinx/Vivado/2021.2/data/xhub/boards/XilinxBoardStore/boards/Xilinx/zcu216ld/production/2.0/board.xml as part xczu59dr-ffvf1760-2-i specified in board_part file is either invalid or not available
WARNING: [Board 49-26] cannot add Board Part xilinx.com:zcu216ld_es:part0:1.0 available at C:/Xilinx/Vivado/2021.2/data/xhub/boards/XilinxBoardStore/boards/Xilinx/zcu216ld/es/1.0/board.xml as part xczu59dr-ffvf1760-2-i-es1 specified in board_part file is either invalid or not available
WARNING: [Board 49-26] cannot add Board Part xilinx.com:zcu670:part0:1.0 available at C:/Xilinx/Vivado/2021.2/data/xhub/boards/XilinxBoardStore/boards/Xilinx/zcu670/1.0/board.xml as part xczu67dr-fsve1156-2-i specified in board_part file is either invalid or not available
INFO: [filemgmt 56-3] Default IP Output Path : Could not find the directory 'C:/Xilinx/Vivado/Projects/FinalProject/FinalProject.gen/sources_1'.
Scanning sources...
Finished scanning sources
INFO: [IP_Flow 19-234] Refreshing IP repositories
INFO: [IP_Flow 19-1704] No user IP repositories specified
INFO: [IP_Flow 19-2313] Loaded Vivado IP repository 'C:/Xilinx/Vivado/2021.2/data/ip'.
open_project: Time (s): cpu = 00:00:40 ; elapsed = 00:00:15 . Memory (MB): peak = 1557.848 ; gain = 0.000
update_compile_order -fileset sources_1
launch_simulation
Command: launch_simulation 
INFO: [Vivado 12-12493] Simulation top is 'robotFSM_tb'
WARNING: [Vivado 12-12986] Compiled library path does not exist: ''
INFO: [Vivado 12-5682] Launching behavioral simulation in 'C:/Xilinx/Vivado/Projects/FinalProject/FinalProject.sim/sim_1/behav/xsim'
INFO: [SIM-utils-51] Simulation object is 'sim_1'
INFO: [SIM-utils-72] Using boost library from 'C:/Xilinx/Vivado/2021.2/tps/boost_1_72_0'
INFO: [SIM-utils-54] Inspecting design source files for 'robotFSM_tb' in fileset 'sim_1'...
INFO: [USF-XSim-97] Finding global include files...
INFO: [USF-XSim-98] Fetching design files from 'sim_1'...
INFO: [USF-XSim-2] XSim::Compile design
INFO: [USF-XSim-61] Executing 'COMPILE and ANALYZE' step in 'C:/Xilinx/Vivado/Projects/FinalProject/FinalProject.sim/sim_1/behav/xsim'
"xvhdl --incr --relax -prj robotFSM_tb_vhdl.prj"
INFO: [USF-XSim-69] 'compile' step finished in '2' seconds
INFO: [USF-XSim-3] XSim::Elaborate design
INFO: [USF-XSim-61] Executing 'ELABORATE' step in 'C:/Xilinx/Vivado/Projects/FinalProject/FinalProject.sim/sim_1/behav/xsim'
"xelab --incr --debug typical --relax --mt 2 -L xil_defaultlib -L secureip --snapshot robotFSM_tb_behav xil_defaultlib.robotFSM_tb -log elaborate.log"
Vivado Simulator v2021.2
Copyright 1986-1999, 2001-2021 Xilinx, Inc. All Rights Reserved.
Running: C:/Xilinx/Vivado/2021.2/bin/unwrapped/win64.o/xelab.exe --incr --debug typical --relax --mt 2 -L xil_defaultlib -L secureip --snapshot robotFSM_tb_behav xil_defaultlib.robotFSM_tb -log elaborate.log 
Using 2 slave threads.
Starting static elaboration
Completed static elaboration
INFO: [XSIM 43-4323] No Change in HDL. Linking previously generated obj files to create kernel
INFO: [USF-XSim-69] 'elaborate' step finished in '2' seconds
INFO: [USF-XSim-4] XSim::Simulate design
INFO: [USF-XSim-61] Executing 'SIMULATE' step in 'C:/Xilinx/Vivado/Projects/FinalProject/FinalProject.sim/sim_1/behav/xsim'
INFO: [USF-XSim-98] *** Running xsim
   with args "robotFSM_tb_behav -key {Behavioral:sim_1:Functional:robotFSM_tb} -tclbatch {robotFSM_tb.tcl} -log {simulate.log}"
INFO: [USF-XSim-8] Loading simulator feature
Time resolution is 1 ps
source robotFSM_tb.tcl
# set curr_wave [current_wave_config]
# if { [string length $curr_wave] == 0 } {
#   if { [llength [get_objects]] > 0} {
#     add_wave /
#     set_property needs_save false [current_wave_config]
#   } else {
#      send_msg_id Add_Wave-1 WARNING "No top level signals found. Simulator will start without a wave window. If you want to open a wave window go to 'File->New Waveform Configuration' or type 'create_wave_config' in the TCL console."
#   }
# }
# run 1000ns
ERROR: Index 31 out of bound 4 downto 0
Time: 77 ns  Iteration: 1  Process: /robotFSM_tb/uut/line__54
  File: C:/Xilinx/Vivado/Projects/FinalProject/FinalProject.srcs/sources_1/new/memory.vhd

HDL Line: C:/Xilinx/Vivado/Projects/FinalProject/FinalProject.srcs/sources_1/new/memory.vhd:62
INFO: [USF-XSim-96] XSim completed. Design snapshot 'robotFSM_tb_behav' loaded.
INFO: [USF-XSim-97] XSim simulation ran for 1000ns
launch_simulation: Time (s): cpu = 00:00:08 ; elapsed = 00:00:10 . Memory (MB): peak = 1557.848 ; gain = 0.000
current_wave_config {Untitled 1}
Untitled 1
add_wave {{/robotFSM_tb/uut}} 
relaunch_sim
Command: launch_simulation -step compile -simset sim_1 -mode behavioral
INFO: [Vivado 12-12493] Simulation top is 'robotFSM_tb'
WARNING: [Vivado 12-12986] Compiled library path does not exist: ''
INFO: [Vivado 12-5682] Launching behavioral simulation in 'C:/Xilinx/Vivado/Projects/FinalProject/FinalProject.sim/sim_1/behav/xsim'
INFO: [SIM-utils-51] Simulation object is 'sim_1'
INFO: [SIM-utils-72] Using boost library from 'C:/Xilinx/Vivado/2021.2/tps/boost_1_72_0'
INFO: [SIM-utils-54] Inspecting design source files for 'robotFSM_tb' in fileset 'sim_1'...
INFO: [USF-XSim-97] Finding global include files...
INFO: [USF-XSim-98] Fetching design files from 'sim_1'...
INFO: [USF-XSim-2] XSim::Compile design
INFO: [USF-XSim-61] Executing 'COMPILE and ANALYZE' step in 'C:/Xilinx/Vivado/Projects/FinalProject/FinalProject.sim/sim_1/behav/xsim'
"xvhdl --incr --relax -prj robotFSM_tb_vhdl.prj"
INFO: [USF-XSim-69] 'compile' step finished in '2' seconds
Command: launch_simulation -step elaborate -simset sim_1 -mode behavioral
INFO: [Vivado 12-12493] Simulation top is 'robotFSM_tb'
WARNING: [Vivado 12-12986] Compiled library path does not exist: ''
INFO: [Vivado 12-5682] Launching behavioral simulation in 'C:/Xilinx/Vivado/Projects/FinalProject/FinalProject.sim/sim_1/behav/xsim'
INFO: [SIM-utils-51] Simulation object is 'sim_1'
INFO: [USF-XSim-3] XSim::Elaborate design
INFO: [USF-XSim-61] Executing 'ELABORATE' step in 'C:/Xilinx/Vivado/Projects/FinalProject/FinalProject.sim/sim_1/behav/xsim'
"xelab --incr --debug typical --relax --mt 2 -L xil_defaultlib -L secureip --snapshot robotFSM_tb_behav xil_defaultlib.robotFSM_tb -log elaborate.log"
Vivado Simulator v2021.2
Copyright 1986-1999, 2001-2021 Xilinx, Inc. All Rights Reserved.
Running: C:/Xilinx/Vivado/2021.2/bin/unwrapped/win64.o/xelab.exe --incr --debug typical --relax --mt 2 -L xil_defaultlib -L secureip --snapshot robotFSM_tb_behav xil_defaultlib.robotFSM_tb -log elaborate.log 
Using 2 slave threads.
Starting static elaboration
Completed static elaboration
INFO: [XSIM 43-4323] No Change in HDL. Linking previously generated obj files to create kernel
INFO: [USF-XSim-69] 'elaborate' step finished in '2' seconds
Time resolution is 1 ps
ERROR: Index 31 out of bound 4 downto 0
Time: 77 ns  Iteration: 1  Process: /robotFSM_tb/uut/line__54
  File: C:/Xilinx/Vivado/Projects/FinalProject/FinalProject.srcs/sources_1/new/memory.vhd

HDL Line: C:/Xilinx/Vivado/Projects/FinalProject/FinalProject.srcs/sources_1/new/memory.vhd:62
relaunch_sim: Time (s): cpu = 00:00:02 ; elapsed = 00:00:06 . Memory (MB): peak = 1557.848 ; gain = 0.000
relaunch_sim
Command: launch_simulation -step compile -simset sim_1 -mode behavioral
INFO: [Vivado 12-12493] Simulation top is 'robotFSM_tb'
WARNING: [Vivado 12-12986] Compiled library path does not exist: ''
INFO: [Vivado 12-5682] Launching behavioral simulation in 'C:/Xilinx/Vivado/Projects/FinalProject/FinalProject.sim/sim_1/behav/xsim'
INFO: [SIM-utils-51] Simulation object is 'sim_1'
INFO: [USF-XSim-2] XSim::Compile design
INFO: [USF-XSim-61] Executing 'COMPILE and ANALYZE' step in 'C:/Xilinx/Vivado/Projects/FinalProject/FinalProject.sim/sim_1/behav/xsim'
"xvhdl --incr --relax -prj robotFSM_tb_vhdl.prj"
INFO: [VRFC 10-163] Analyzing VHDL file "C:/Xilinx/Vivado/Projects/FinalProject/FinalProject.srcs/sources_1/new/robotFSM.vhd" into library xil_defaultlib
INFO: [VRFC 10-3107] analyzing entity 'robotFSM'
INFO: [VRFC 10-163] Analyzing VHDL file "C:/Xilinx/Vivado/Projects/FinalProject/FinalProject.srcs/sim_1/new/robotFSM_tb.vhd" into library xil_defaultlib
INFO: [VRFC 10-3107] analyzing entity 'robotFSM_tb'
run_program: Time (s): cpu = 00:00:00 ; elapsed = 00:00:16 . Memory (MB): peak = 1557.848 ; gain = 0.000
INFO: [USF-XSim-69] 'compile' step finished in '16' seconds
launch_simulation: Time (s): cpu = 00:00:00 ; elapsed = 00:00:16 . Memory (MB): peak = 1557.848 ; gain = 0.000
Command: launch_simulation -step elaborate -simset sim_1 -mode behavioral
INFO: [Vivado 12-12493] Simulation top is 'robotFSM_tb'
WARNING: [Vivado 12-12986] Compiled library path does not exist: ''
INFO: [Vivado 12-5682] Launching behavioral simulation in 'C:/Xilinx/Vivado/Projects/FinalProject/FinalProject.sim/sim_1/behav/xsim'
INFO: [SIM-utils-51] Simulation object is 'sim_1'
INFO: [USF-XSim-3] XSim::Elaborate design
INFO: [USF-XSim-61] Executing 'ELABORATE' step in 'C:/Xilinx/Vivado/Projects/FinalProject/FinalProject.sim/sim_1/behav/xsim'
"xelab --incr --debug typical --relax --mt 2 -L xil_defaultlib -L secureip --snapshot robotFSM_tb_behav xil_defaultlib.robotFSM_tb -log elaborate.log"
Vivado Simulator v2021.2
Copyright 1986-1999, 2001-2021 Xilinx, Inc. All Rights Reserved.
Running: C:/Xilinx/Vivado/2021.2/bin/unwrapped/win64.o/xelab.exe --incr --debug typical --relax --mt 2 -L xil_defaultlib -L secureip --snapshot robotFSM_tb_behav xil_defaultlib.robotFSM_tb -log elaborate.log 
Using 2 slave threads.
Starting static elaboration
Completed static elaboration
Starting simulation data flow analysis
Completed simulation data flow analysis
Time Resolution for simulation is 1ps
Compiling package std.standard
Compiling package std.textio
Compiling package ieee.std_logic_1164
Compiling package ieee.numeric_std
Compiling package ieee.std_logic_arith
Compiling package ieee.std_logic_unsigned
Compiling architecture behavioral of entity xil_defaultlib.memory [memory_default]
Compiling architecture behavioral of entity xil_defaultlib.robotFSM [robotfsm_default]
Compiling architecture behavioral of entity xil_defaultlib.robotfsm_tb
Built simulation snapshot robotFSM_tb_behav
INFO: [USF-XSim-69] 'elaborate' step finished in '4' seconds
Time resolution is 1 ps
ERROR: Index 31 out of bound 4 downto 0
Time: 77 ns  Iteration: 1  Process: /robotFSM_tb/uut/line__54
  File: C:/Xilinx/Vivado/Projects/FinalProject/FinalProject.srcs/sources_1/new/memory.vhd

HDL Line: C:/Xilinx/Vivado/Projects/FinalProject/FinalProject.srcs/sources_1/new/memory.vhd:62
relaunch_sim: Time (s): cpu = 00:00:01 ; elapsed = 00:00:23 . Memory (MB): peak = 1557.848 ; gain = 0.000
add_bp {C:/Xilinx/Vivado/Projects/FinalProject/FinalProject.srcs/sources_1/new/robotFSM.vhd} 292
add_bp {C:/Xilinx/Vivado/Projects/FinalProject/FinalProject.srcs/sources_1/new/robotFSM.vhd} 293
add_bp {C:/Xilinx/Vivado/Projects/FinalProject/FinalProject.srcs/sources_1/new/robotFSM.vhd} 294
add_bp {C:/Xilinx/Vivado/Projects/FinalProject/FinalProject.srcs/sources_1/new/robotFSM.vhd} 295
add_bp {C:/Xilinx/Vivado/Projects/FinalProject/FinalProject.srcs/sources_1/new/robotFSM.vhd} 290
add_bp {C:/Xilinx/Vivado/Projects/FinalProject/FinalProject.srcs/sources_1/new/robotFSM.vhd} 288
add_bp {C:/Xilinx/Vivado/Projects/FinalProject/FinalProject.srcs/sources_1/new/robotFSM.vhd} 286
relaunch_sim
Command: launch_simulation -step compile -simset sim_1 -mode behavioral
INFO: [Vivado 12-12493] Simulation top is 'robotFSM_tb'
WARNING: [Vivado 12-12986] Compiled library path does not exist: ''
INFO: [Vivado 12-5682] Launching behavioral simulation in 'C:/Xilinx/Vivado/Projects/FinalProject/FinalProject.sim/sim_1/behav/xsim'
INFO: [SIM-utils-51] Simulation object is 'sim_1'
INFO: [USF-XSim-2] XSim::Compile design
INFO: [USF-XSim-61] Executing 'COMPILE and ANALYZE' step in 'C:/Xilinx/Vivado/Projects/FinalProject/FinalProject.sim/sim_1/behav/xsim'
"xvhdl --incr --relax -prj robotFSM_tb_vhdl.prj"
INFO: [USF-XSim-69] 'compile' step finished in '3' seconds
Command: launch_simulation -step elaborate -simset sim_1 -mode behavioral
INFO: [Vivado 12-12493] Simulation top is 'robotFSM_tb'
WARNING: [Vivado 12-12986] Compiled library path does not exist: ''
INFO: [Vivado 12-5682] Launching behavioral simulation in 'C:/Xilinx/Vivado/Projects/FinalProject/FinalProject.sim/sim_1/behav/xsim'
INFO: [SIM-utils-51] Simulation object is 'sim_1'
INFO: [USF-XSim-3] XSim::Elaborate design
INFO: [USF-XSim-61] Executing 'ELABORATE' step in 'C:/Xilinx/Vivado/Projects/FinalProject/FinalProject.sim/sim_1/behav/xsim'
"xelab --incr --debug typical --relax --mt 2 -L xil_defaultlib -L secureip --snapshot robotFSM_tb_behav xil_defaultlib.robotFSM_tb -log elaborate.log"
Vivado Simulator v2021.2
Copyright 1986-1999, 2001-2021 Xilinx, Inc. All Rights Reserved.
Running: C:/Xilinx/Vivado/2021.2/bin/unwrapped/win64.o/xelab.exe --incr --debug typical --relax --mt 2 -L xil_defaultlib -L secureip --snapshot robotFSM_tb_behav xil_defaultlib.robotFSM_tb -log elaborate.log 
Using 2 slave threads.
Starting static elaboration
Completed static elaboration
INFO: [XSIM 43-4323] No Change in HDL. Linking previously generated obj files to create kernel
INFO: [USF-XSim-69] 'elaborate' step finished in '3' seconds
Time resolution is 1 ps
Stopped at time : 19 ns : File "C:/Xilinx/Vivado/Projects/FinalProject/FinalProject.srcs/sources_1/new/robotFSM.vhd" Line 286
relaunch_sim: Time (s): cpu = 00:00:01 ; elapsed = 00:00:08 . Memory (MB): peak = 1557.848 ; gain = 0.000
remove_bps -file {C:/Xilinx/Vivado/Projects/FinalProject/FinalProject.srcs/sources_1/new/robotFSM.vhd} -line 286
add_bp {C:/Xilinx/Vivado/Projects/FinalProject/FinalProject.srcs/sources_1/new/robotFSM.vhd} 286
step
Stopped at time : 20 ns : File "C:/Xilinx/Vivado/Projects/FinalProject/FinalProject.srcs/sim_1/new/robotFSM_tb.vhd" Line 94
step
Stopped at time : 20 ns : File "C:/Xilinx/Vivado/Projects/FinalProject/FinalProject.srcs/sim_1/new/robotFSM_tb.vhd" Line 95
step
Stopped at time : 20 ns : File "C:/Xilinx/Vivado/Projects/FinalProject/FinalProject.srcs/sim_1/new/robotFSM_tb.vhd" Line 75
step
Stopped at time : 20 ns : File "C:/Xilinx/Vivado/Projects/FinalProject/FinalProject.srcs/sim_1/new/robotFSM_tb.vhd" Line 76
step
Stopped at time : 20 ns : File "C:/Xilinx/Vivado/Projects/FinalProject/FinalProject.srcs/sources_1/new/memory.vhd" Line 56
step
Stopped at time : 20 ns : File "C:/Xilinx/Vivado/Projects/FinalProject/FinalProject.srcs/sources_1/new/memory.vhd" Line 57
step
Stopped at time : 20 ns : File "C:/Xilinx/Vivado/Projects/FinalProject/FinalProject.srcs/sources_1/new/robotFSM.vhd" Line 66
step
Stopped at time : 21 ns : File "C:/Xilinx/Vivado/Projects/FinalProject/FinalProject.srcs/sim_1/new/robotFSM_tb.vhd" Line 77
step
Stopped at time : 21 ns : File "C:/Xilinx/Vivado/Projects/FinalProject/FinalProject.srcs/sim_1/new/robotFSM_tb.vhd" Line 78
step
Stopped at time : 21 ns : File "C:/Xilinx/Vivado/Projects/FinalProject/FinalProject.srcs/sources_1/new/memory.vhd" Line 56
step
Stopped at time : 21 ns : File "C:/Xilinx/Vivado/Projects/FinalProject/FinalProject.srcs/sources_1/new/memory.vhd" Line 57
step
Stopped at time : 21 ns : File "C:/Xilinx/Vivado/Projects/FinalProject/FinalProject.srcs/sources_1/new/memory.vhd" Line 58
step
Stopped at time : 21 ns : File "C:/Xilinx/Vivado/Projects/FinalProject/FinalProject.srcs/sources_1/new/memory.vhd" Line 59
step
Stopped at time : 21 ns : File "C:/Xilinx/Vivado/Projects/FinalProject/FinalProject.srcs/sources_1/new/memory.vhd" Line 60
step
Stopped at time : 21 ns : File "C:/Xilinx/Vivado/Projects/FinalProject/FinalProject.srcs/sources_1/new/robotFSM.vhd" Line 66
step
Stopped at time : 21 ns : File "C:/Xilinx/Vivado/Projects/FinalProject/FinalProject.srcs/sources_1/new/robotFSM.vhd" Line 67
step
Stopped at time : 21 ns : File "C:/Xilinx/Vivado/Projects/FinalProject/FinalProject.srcs/sources_1/new/robotFSM.vhd" Line 80
step
Stopped at time : 21 ns : File "C:/Xilinx/Vivado/Projects/FinalProject/FinalProject.srcs/sources_1/new/robotFSM.vhd" Line 288
step
Stopped at time : 22 ns : File "C:/Xilinx/Vivado/Projects/FinalProject/FinalProject.srcs/sim_1/new/robotFSM_tb.vhd" Line 75
step
Stopped at time : 22 ns : File "C:/Xilinx/Vivado/Projects/FinalProject/FinalProject.srcs/sim_1/new/robotFSM_tb.vhd" Line 76
step
Stopped at time : 22 ns : File "C:/Xilinx/Vivado/Projects/FinalProject/FinalProject.srcs/sources_1/new/memory.vhd" Line 56
step
Stopped at time : 22 ns : File "C:/Xilinx/Vivado/Projects/FinalProject/FinalProject.srcs/sources_1/new/memory.vhd" Line 57
step
Stopped at time : 22 ns : File "C:/Xilinx/Vivado/Projects/FinalProject/FinalProject.srcs/sources_1/new/robotFSM.vhd" Line 66
step
Stopped at time : 23 ns : File "C:/Xilinx/Vivado/Projects/FinalProject/FinalProject.srcs/sim_1/new/robotFSM_tb.vhd" Line 77
step
Stopped at time : 23 ns : File "C:/Xilinx/Vivado/Projects/FinalProject/FinalProject.srcs/sim_1/new/robotFSM_tb.vhd" Line 78
step
Stopped at time : 23 ns : File "C:/Xilinx/Vivado/Projects/FinalProject/FinalProject.srcs/sources_1/new/memory.vhd" Line 56
step
Stopped at time : 23 ns : File "C:/Xilinx/Vivado/Projects/FinalProject/FinalProject.srcs/sources_1/new/memory.vhd" Line 57
step
Stopped at time : 23 ns : File "C:/Xilinx/Vivado/Projects/FinalProject/FinalProject.srcs/sources_1/new/memory.vhd" Line 58
step
Stopped at time : 23 ns : File "C:/Xilinx/Vivado/Projects/FinalProject/FinalProject.srcs/sources_1/new/memory.vhd" Line 59
step
Stopped at time : 23 ns : File "C:/Xilinx/Vivado/Projects/FinalProject/FinalProject.srcs/sources_1/new/memory.vhd" Line 60
step
Stopped at time : 23 ns : File "C:/Xilinx/Vivado/Projects/FinalProject/FinalProject.srcs/sources_1/new/robotFSM.vhd" Line 66
step
Stopped at time : 23 ns : File "C:/Xilinx/Vivado/Projects/FinalProject/FinalProject.srcs/sources_1/new/robotFSM.vhd" Line 67
step
Stopped at time : 23 ns : File "C:/Xilinx/Vivado/Projects/FinalProject/FinalProject.srcs/sources_1/new/robotFSM.vhd" Line 80
step
Stopped at time : 23 ns : File "C:/Xilinx/Vivado/Projects/FinalProject/FinalProject.srcs/sources_1/new/robotFSM.vhd" Line 290
step
Stopped at time : 23 ns : File "C:/Xilinx/Vivado/Projects/FinalProject/FinalProject.srcs/sources_1/new/robotFSM.vhd" Line 291
step
Stopped at time : 23 ns : File "C:/Xilinx/Vivado/Projects/FinalProject/FinalProject.srcs/sources_1/new/robotFSM.vhd" Line 292
step
Stopped at time : 23 ns : File "C:/Xilinx/Vivado/Projects/FinalProject/FinalProject.srcs/sources_1/new/robotFSM.vhd" Line 293
step
Stopped at time : 23 ns : File "C:/Xilinx/Vivado/Projects/FinalProject/FinalProject.srcs/sources_1/new/robotFSM.vhd" Line 294
step
Stopped at time : 23 ns : File "C:/Xilinx/Vivado/Projects/FinalProject/FinalProject.srcs/sources_1/new/robotFSM.vhd" Line 295
step
Stopped at time : 24 ns : File "C:/Xilinx/Vivado/Projects/FinalProject/FinalProject.srcs/sim_1/new/robotFSM_tb.vhd" Line 75
step
Stopped at time : 24 ns : File "C:/Xilinx/Vivado/Projects/FinalProject/FinalProject.srcs/sim_1/new/robotFSM_tb.vhd" Line 76
step
Stopped at time : 24 ns : File "C:/Xilinx/Vivado/Projects/FinalProject/FinalProject.srcs/sources_1/new/memory.vhd" Line 56
step
Stopped at time : 24 ns : File "C:/Xilinx/Vivado/Projects/FinalProject/FinalProject.srcs/sources_1/new/memory.vhd" Line 57
step
Stopped at time : 24 ns : File "C:/Xilinx/Vivado/Projects/FinalProject/FinalProject.srcs/sources_1/new/robotFSM.vhd" Line 66
step
Stopped at time : 25 ns : File "C:/Xilinx/Vivado/Projects/FinalProject/FinalProject.srcs/sim_1/new/robotFSM_tb.vhd" Line 77
step
Stopped at time : 25 ns : File "C:/Xilinx/Vivado/Projects/FinalProject/FinalProject.srcs/sim_1/new/robotFSM_tb.vhd" Line 78
step
Stopped at time : 25 ns : File "C:/Xilinx/Vivado/Projects/FinalProject/FinalProject.srcs/sources_1/new/memory.vhd" Line 56
step
Stopped at time : 25 ns : File "C:/Xilinx/Vivado/Projects/FinalProject/FinalProject.srcs/sources_1/new/memory.vhd" Line 57
step
Stopped at time : 25 ns : File "C:/Xilinx/Vivado/Projects/FinalProject/FinalProject.srcs/sources_1/new/memory.vhd" Line 58
step
Stopped at time : 25 ns : File "C:/Xilinx/Vivado/Projects/FinalProject/FinalProject.srcs/sources_1/new/memory.vhd" Line 62
step
Stopped at time : 25 ns : File "C:/Xilinx/Vivado/Projects/FinalProject/FinalProject.srcs/sources_1/new/robotFSM.vhd" Line 66
step
Stopped at time : 25 ns : File "C:/Xilinx/Vivado/Projects/FinalProject/FinalProject.srcs/sources_1/new/robotFSM.vhd" Line 67
step
Stopped at time : 25 ns : File "C:/Xilinx/Vivado/Projects/FinalProject/FinalProject.srcs/sources_1/new/robotFSM.vhd" Line 80
step
Stopped at time : 25 ns : File "C:/Xilinx/Vivado/Projects/FinalProject/FinalProject.srcs/sources_1/new/robotFSM.vhd" Line 297
step
Stopped at time : 26 ns : File "C:/Xilinx/Vivado/Projects/FinalProject/FinalProject.srcs/sim_1/new/robotFSM_tb.vhd" Line 75
step
Stopped at time : 26 ns : File "C:/Xilinx/Vivado/Projects/FinalProject/FinalProject.srcs/sim_1/new/robotFSM_tb.vhd" Line 76
step
Stopped at time : 26 ns : File "C:/Xilinx/Vivado/Projects/FinalProject/FinalProject.srcs/sources_1/new/memory.vhd" Line 56
step
Stopped at time : 26 ns : File "C:/Xilinx/Vivado/Projects/FinalProject/FinalProject.srcs/sources_1/new/memory.vhd" Line 57
step
Stopped at time : 26 ns : File "C:/Xilinx/Vivado/Projects/FinalProject/FinalProject.srcs/sources_1/new/robotFSM.vhd" Line 66
step
Stopped at time : 27 ns : File "C:/Xilinx/Vivado/Projects/FinalProject/FinalProject.srcs/sim_1/new/robotFSM_tb.vhd" Line 77
step
Stopped at time : 27 ns : File "C:/Xilinx/Vivado/Projects/FinalProject/FinalProject.srcs/sim_1/new/robotFSM_tb.vhd" Line 78
step
Stopped at time : 27 ns : File "C:/Xilinx/Vivado/Projects/FinalProject/FinalProject.srcs/sources_1/new/memory.vhd" Line 56
step
Stopped at time : 27 ns : File "C:/Xilinx/Vivado/Projects/FinalProject/FinalProject.srcs/sources_1/new/memory.vhd" Line 57
step
Stopped at time : 27 ns : File "C:/Xilinx/Vivado/Projects/FinalProject/FinalProject.srcs/sources_1/new/memory.vhd" Line 58
step
Stopped at time : 27 ns : File "C:/Xilinx/Vivado/Projects/FinalProject/FinalProject.srcs/sources_1/new/memory.vhd" Line 62
step
Stopped at time : 27 ns : File "C:/Xilinx/Vivado/Projects/FinalProject/FinalProject.srcs/sources_1/new/robotFSM.vhd" Line 66
step
Stopped at time : 27 ns : File "C:/Xilinx/Vivado/Projects/FinalProject/FinalProject.srcs/sources_1/new/robotFSM.vhd" Line 67
step
Stopped at time : 27 ns : File "C:/Xilinx/Vivado/Projects/FinalProject/FinalProject.srcs/sources_1/new/robotFSM.vhd" Line 80
step
Stopped at time : 27 ns : File "C:/Xilinx/Vivado/Projects/FinalProject/FinalProject.srcs/sources_1/new/robotFSM.vhd" Line 90
step
Stopped at time : 27 ns : File "C:/Xilinx/Vivado/Projects/FinalProject/FinalProject.srcs/sources_1/new/robotFSM.vhd" Line 93
step
Stopped at time : 27 ns : File "C:/Xilinx/Vivado/Projects/FinalProject/FinalProject.srcs/sources_1/new/robotFSM.vhd" Line 94
step
Stopped at time : 28 ns : File "C:/Xilinx/Vivado/Projects/FinalProject/FinalProject.srcs/sim_1/new/robotFSM_tb.vhd" Line 75
step
Stopped at time : 28 ns : File "C:/Xilinx/Vivado/Projects/FinalProject/FinalProject.srcs/sim_1/new/robotFSM_tb.vhd" Line 76
step
Stopped at time : 28 ns : File "C:/Xilinx/Vivado/Projects/FinalProject/FinalProject.srcs/sources_1/new/memory.vhd" Line 56
step
Stopped at time : 28 ns : File "C:/Xilinx/Vivado/Projects/FinalProject/FinalProject.srcs/sources_1/new/memory.vhd" Line 57
step
Stopped at time : 28 ns : File "C:/Xilinx/Vivado/Projects/FinalProject/FinalProject.srcs/sources_1/new/robotFSM.vhd" Line 66
step
Stopped at time : 29 ns : File "C:/Xilinx/Vivado/Projects/FinalProject/FinalProject.srcs/sim_1/new/robotFSM_tb.vhd" Line 77
step
Stopped at time : 29 ns : File "C:/Xilinx/Vivado/Projects/FinalProject/FinalProject.srcs/sim_1/new/robotFSM_tb.vhd" Line 78
step
Stopped at time : 29 ns : File "C:/Xilinx/Vivado/Projects/FinalProject/FinalProject.srcs/sources_1/new/memory.vhd" Line 56
step
Stopped at time : 29 ns : File "C:/Xilinx/Vivado/Projects/FinalProject/FinalProject.srcs/sources_1/new/memory.vhd" Line 57
step
Stopped at time : 29 ns : File "C:/Xilinx/Vivado/Projects/FinalProject/FinalProject.srcs/sources_1/new/memory.vhd" Line 58
step
Stopped at time : 29 ns : File "C:/Xilinx/Vivado/Projects/FinalProject/FinalProject.srcs/sources_1/new/memory.vhd" Line 62
step
Stopped at time : 29 ns : File "C:/Xilinx/Vivado/Projects/FinalProject/FinalProject.srcs/sources_1/new/robotFSM.vhd" Line 66
step
Stopped at time : 29 ns : File "C:/Xilinx/Vivado/Projects/FinalProject/FinalProject.srcs/sources_1/new/robotFSM.vhd" Line 67
step
Stopped at time : 29 ns : File "C:/Xilinx/Vivado/Projects/FinalProject/FinalProject.srcs/sources_1/new/robotFSM.vhd" Line 80
step
Stopped at time : 29 ns : File "C:/Xilinx/Vivado/Projects/FinalProject/FinalProject.srcs/sources_1/new/robotFSM.vhd" Line 97
step
Stopped at time : 30 ns : File "C:/Xilinx/Vivado/Projects/FinalProject/FinalProject.srcs/sim_1/new/robotFSM_tb.vhd" Line 75
step
Stopped at time : 30 ns : File "C:/Xilinx/Vivado/Projects/FinalProject/FinalProject.srcs/sim_1/new/robotFSM_tb.vhd" Line 76
step
Stopped at time : 30 ns : File "C:/Xilinx/Vivado/Projects/FinalProject/FinalProject.srcs/sources_1/new/memory.vhd" Line 56
step
Stopped at time : 30 ns : File "C:/Xilinx/Vivado/Projects/FinalProject/FinalProject.srcs/sources_1/new/memory.vhd" Line 57
step
Stopped at time : 30 ns : File "C:/Xilinx/Vivado/Projects/FinalProject/FinalProject.srcs/sources_1/new/robotFSM.vhd" Line 66
step
Stopped at time : 31 ns : File "C:/Xilinx/Vivado/Projects/FinalProject/FinalProject.srcs/sim_1/new/robotFSM_tb.vhd" Line 77
step
Stopped at time : 31 ns : File "C:/Xilinx/Vivado/Projects/FinalProject/FinalProject.srcs/sim_1/new/robotFSM_tb.vhd" Line 78
step
Stopped at time : 31 ns : File "C:/Xilinx/Vivado/Projects/FinalProject/FinalProject.srcs/sources_1/new/memory.vhd" Line 56
step
Stopped at time : 31 ns : File "C:/Xilinx/Vivado/Projects/FinalProject/FinalProject.srcs/sources_1/new/memory.vhd" Line 57
step
Stopped at time : 31 ns : File "C:/Xilinx/Vivado/Projects/FinalProject/FinalProject.srcs/sources_1/new/memory.vhd" Line 58
step
Stopped at time : 31 ns : File "C:/Xilinx/Vivado/Projects/FinalProject/FinalProject.srcs/sources_1/new/memory.vhd" Line 62
step
Stopped at time : 31 ns : File "C:/Xilinx/Vivado/Projects/FinalProject/FinalProject.srcs/sources_1/new/robotFSM.vhd" Line 66
step
Stopped at time : 31 ns : File "C:/Xilinx/Vivado/Projects/FinalProject/FinalProject.srcs/sources_1/new/robotFSM.vhd" Line 67
step
Stopped at time : 31 ns : File "C:/Xilinx/Vivado/Projects/FinalProject/FinalProject.srcs/sources_1/new/robotFSM.vhd" Line 80
step
Stopped at time : 31 ns : File "C:/Xilinx/Vivado/Projects/FinalProject/FinalProject.srcs/sources_1/new/robotFSM.vhd" Line 99
step
Stopped at time : 32 ns : File "C:/Xilinx/Vivado/Projects/FinalProject/FinalProject.srcs/sim_1/new/robotFSM_tb.vhd" Line 75
step
Stopped at time : 32 ns : File "C:/Xilinx/Vivado/Projects/FinalProject/FinalProject.srcs/sim_1/new/robotFSM_tb.vhd" Line 76
step
Stopped at time : 32 ns : File "C:/Xilinx/Vivado/Projects/FinalProject/FinalProject.srcs/sources_1/new/memory.vhd" Line 56
step
Stopped at time : 32 ns : File "C:/Xilinx/Vivado/Projects/FinalProject/FinalProject.srcs/sources_1/new/memory.vhd" Line 57
step
Stopped at time : 32 ns : File "C:/Xilinx/Vivado/Projects/FinalProject/FinalProject.srcs/sources_1/new/robotFSM.vhd" Line 66
step
Stopped at time : 33 ns : File "C:/Xilinx/Vivado/Projects/FinalProject/FinalProject.srcs/sim_1/new/robotFSM_tb.vhd" Line 77
step
Stopped at time : 33 ns : File "C:/Xilinx/Vivado/Projects/FinalProject/FinalProject.srcs/sim_1/new/robotFSM_tb.vhd" Line 78
step
Stopped at time : 33 ns : File "C:/Xilinx/Vivado/Projects/FinalProject/FinalProject.srcs/sources_1/new/memory.vhd" Line 56
step
Stopped at time : 33 ns : File "C:/Xilinx/Vivado/Projects/FinalProject/FinalProject.srcs/sources_1/new/memory.vhd" Line 57
step
Stopped at time : 33 ns : File "C:/Xilinx/Vivado/Projects/FinalProject/FinalProject.srcs/sources_1/new/memory.vhd" Line 58
step
Stopped at time : 33 ns : File "C:/Xilinx/Vivado/Projects/FinalProject/FinalProject.srcs/sources_1/new/memory.vhd" Line 62
step
Stopped at time : 33 ns : File "C:/Xilinx/Vivado/Projects/FinalProject/FinalProject.srcs/sources_1/new/robotFSM.vhd" Line 66
step
Stopped at time : 33 ns : File "C:/Xilinx/Vivado/Projects/FinalProject/FinalProject.srcs/sources_1/new/robotFSM.vhd" Line 67
step
Stopped at time : 33 ns : File "C:/Xilinx/Vivado/Projects/FinalProject/FinalProject.srcs/sources_1/new/robotFSM.vhd" Line 80
step
Stopped at time : 33 ns : File "C:/Xilinx/Vivado/Projects/FinalProject/FinalProject.srcs/sources_1/new/robotFSM.vhd" Line 101
step
Stopped at time : 33 ns : File "C:/Xilinx/Vivado/Projects/FinalProject/FinalProject.srcs/sources_1/new/robotFSM.vhd" Line 102
step
Stopped at time : 33 ns : File "C:/Xilinx/Vivado/Projects/FinalProject/FinalProject.srcs/sources_1/new/robotFSM.vhd" Line 103
step
Stopped at time : 33 ns : File "C:/Xilinx/Vivado/Projects/FinalProject/FinalProject.srcs/sources_1/new/robotFSM.vhd" Line 104
step
Stopped at time : 33 ns : File "C:/Xilinx/Vivado/Projects/FinalProject/FinalProject.srcs/sources_1/new/robotFSM.vhd" Line 105
step
Stopped at time : 34 ns : File "C:/Xilinx/Vivado/Projects/FinalProject/FinalProject.srcs/sim_1/new/robotFSM_tb.vhd" Line 75
step
Stopped at time : 34 ns : File "C:/Xilinx/Vivado/Projects/FinalProject/FinalProject.srcs/sim_1/new/robotFSM_tb.vhd" Line 76
step
Stopped at time : 34 ns : File "C:/Xilinx/Vivado/Projects/FinalProject/FinalProject.srcs/sources_1/new/memory.vhd" Line 56
step
Stopped at time : 34 ns : File "C:/Xilinx/Vivado/Projects/FinalProject/FinalProject.srcs/sources_1/new/memory.vhd" Line 57
step
Stopped at time : 34 ns : File "C:/Xilinx/Vivado/Projects/FinalProject/FinalProject.srcs/sources_1/new/robotFSM.vhd" Line 66
step
Stopped at time : 35 ns : File "C:/Xilinx/Vivado/Projects/FinalProject/FinalProject.srcs/sim_1/new/robotFSM_tb.vhd" Line 77
step
Stopped at time : 35 ns : File "C:/Xilinx/Vivado/Projects/FinalProject/FinalProject.srcs/sim_1/new/robotFSM_tb.vhd" Line 78
step
Stopped at time : 35 ns : File "C:/Xilinx/Vivado/Projects/FinalProject/FinalProject.srcs/sources_1/new/memory.vhd" Line 56
step
Stopped at time : 35 ns : File "C:/Xilinx/Vivado/Projects/FinalProject/FinalProject.srcs/sources_1/new/memory.vhd" Line 57
step
Stopped at time : 35 ns : File "C:/Xilinx/Vivado/Projects/FinalProject/FinalProject.srcs/sources_1/new/memory.vhd" Line 58
step
Stopped at time : 35 ns : File "C:/Xilinx/Vivado/Projects/FinalProject/FinalProject.srcs/sources_1/new/memory.vhd" Line 59
step
Stopped at time : 35 ns : File "C:/Xilinx/Vivado/Projects/FinalProject/FinalProject.srcs/sources_1/new/memory.vhd" Line 60
step
Stopped at time : 35 ns : File "C:/Xilinx/Vivado/Projects/FinalProject/FinalProject.srcs/sources_1/new/robotFSM.vhd" Line 66
step
Stopped at time : 35 ns : File "C:/Xilinx/Vivado/Projects/FinalProject/FinalProject.srcs/sources_1/new/robotFSM.vhd" Line 67
step
Stopped at time : 35 ns : File "C:/Xilinx/Vivado/Projects/FinalProject/FinalProject.srcs/sources_1/new/robotFSM.vhd" Line 80
step
Stopped at time : 35 ns : File "C:/Xilinx/Vivado/Projects/FinalProject/FinalProject.srcs/sources_1/new/robotFSM.vhd" Line 285
step
Stopped at time : 35 ns : File "C:/Xilinx/Vivado/Projects/FinalProject/FinalProject.srcs/sources_1/new/robotFSM.vhd" Line 286
step
Stopped at time : 36 ns : File "C:/Xilinx/Vivado/Projects/FinalProject/FinalProject.srcs/sim_1/new/robotFSM_tb.vhd" Line 75
step
Stopped at time : 36 ns : File "C:/Xilinx/Vivado/Projects/FinalProject/FinalProject.srcs/sim_1/new/robotFSM_tb.vhd" Line 76
step
Stopped at time : 36 ns : File "C:/Xilinx/Vivado/Projects/FinalProject/FinalProject.srcs/sources_1/new/memory.vhd" Line 56
step
Stopped at time : 36 ns : File "C:/Xilinx/Vivado/Projects/FinalProject/FinalProject.srcs/sources_1/new/memory.vhd" Line 57
step
Stopped at time : 36 ns : File "C:/Xilinx/Vivado/Projects/FinalProject/FinalProject.srcs/sources_1/new/robotFSM.vhd" Line 66
step
Stopped at time : 37 ns : File "C:/Xilinx/Vivado/Projects/FinalProject/FinalProject.srcs/sim_1/new/robotFSM_tb.vhd" Line 77
step
Stopped at time : 37 ns : File "C:/Xilinx/Vivado/Projects/FinalProject/FinalProject.srcs/sim_1/new/robotFSM_tb.vhd" Line 78
step
Stopped at time : 37 ns : File "C:/Xilinx/Vivado/Projects/FinalProject/FinalProject.srcs/sources_1/new/memory.vhd" Line 56
step
Stopped at time : 37 ns : File "C:/Xilinx/Vivado/Projects/FinalProject/FinalProject.srcs/sources_1/new/memory.vhd" Line 57
step
Stopped at time : 37 ns : File "C:/Xilinx/Vivado/Projects/FinalProject/FinalProject.srcs/sources_1/new/memory.vhd" Line 58
step
Stopped at time : 37 ns : File "C:/Xilinx/Vivado/Projects/FinalProject/FinalProject.srcs/sources_1/new/memory.vhd" Line 59
step
Stopped at time : 37 ns : File "C:/Xilinx/Vivado/Projects/FinalProject/FinalProject.srcs/sources_1/new/memory.vhd" Line 60
step
Stopped at time : 37 ns : File "C:/Xilinx/Vivado/Projects/FinalProject/FinalProject.srcs/sources_1/new/robotFSM.vhd" Line 66
step
Stopped at time : 37 ns : File "C:/Xilinx/Vivado/Projects/FinalProject/FinalProject.srcs/sources_1/new/robotFSM.vhd" Line 67
step
Stopped at time : 37 ns : File "C:/Xilinx/Vivado/Projects/FinalProject/FinalProject.srcs/sources_1/new/robotFSM.vhd" Line 80
step
Stopped at time : 37 ns : File "C:/Xilinx/Vivado/Projects/FinalProject/FinalProject.srcs/sources_1/new/robotFSM.vhd" Line 288
step
Stopped at time : 38 ns : File "C:/Xilinx/Vivado/Projects/FinalProject/FinalProject.srcs/sim_1/new/robotFSM_tb.vhd" Line 75
step
Stopped at time : 38 ns : File "C:/Xilinx/Vivado/Projects/FinalProject/FinalProject.srcs/sim_1/new/robotFSM_tb.vhd" Line 76
step
Stopped at time : 38 ns : File "C:/Xilinx/Vivado/Projects/FinalProject/FinalProject.srcs/sources_1/new/memory.vhd" Line 56
step
Stopped at time : 38 ns : File "C:/Xilinx/Vivado/Projects/FinalProject/FinalProject.srcs/sources_1/new/memory.vhd" Line 57
step
Stopped at time : 38 ns : File "C:/Xilinx/Vivado/Projects/FinalProject/FinalProject.srcs/sources_1/new/robotFSM.vhd" Line 66
step
Stopped at time : 39 ns : File "C:/Xilinx/Vivado/Projects/FinalProject/FinalProject.srcs/sim_1/new/robotFSM_tb.vhd" Line 77
step
Stopped at time : 39 ns : File "C:/Xilinx/Vivado/Projects/FinalProject/FinalProject.srcs/sim_1/new/robotFSM_tb.vhd" Line 78
step
Stopped at time : 39 ns : File "C:/Xilinx/Vivado/Projects/FinalProject/FinalProject.srcs/sources_1/new/memory.vhd" Line 56
step
Stopped at time : 39 ns : File "C:/Xilinx/Vivado/Projects/FinalProject/FinalProject.srcs/sources_1/new/memory.vhd" Line 57
step
Stopped at time : 39 ns : File "C:/Xilinx/Vivado/Projects/FinalProject/FinalProject.srcs/sources_1/new/memory.vhd" Line 58
step
Stopped at time : 39 ns : File "C:/Xilinx/Vivado/Projects/FinalProject/FinalProject.srcs/sources_1/new/memory.vhd" Line 59
step
Stopped at time : 39 ns : File "C:/Xilinx/Vivado/Projects/FinalProject/FinalProject.srcs/sources_1/new/memory.vhd" Line 60
step
Stopped at time : 39 ns : File "C:/Xilinx/Vivado/Projects/FinalProject/FinalProject.srcs/sources_1/new/robotFSM.vhd" Line 66
step
Stopped at time : 39 ns : File "C:/Xilinx/Vivado/Projects/FinalProject/FinalProject.srcs/sources_1/new/robotFSM.vhd" Line 67
step
Stopped at time : 39 ns : File "C:/Xilinx/Vivado/Projects/FinalProject/FinalProject.srcs/sources_1/new/robotFSM.vhd" Line 80
step
Stopped at time : 39 ns : File "C:/Xilinx/Vivado/Projects/FinalProject/FinalProject.srcs/sources_1/new/robotFSM.vhd" Line 290
step
Stopped at time : 39 ns : File "C:/Xilinx/Vivado/Projects/FinalProject/FinalProject.srcs/sources_1/new/robotFSM.vhd" Line 291
step
Stopped at time : 39 ns : File "C:/Xilinx/Vivado/Projects/FinalProject/FinalProject.srcs/sources_1/new/robotFSM.vhd" Line 292
step
Stopped at time : 39 ns : File "C:/Xilinx/Vivado/Projects/FinalProject/FinalProject.srcs/sources_1/new/robotFSM.vhd" Line 293
step
Stopped at time : 39 ns : File "C:/Xilinx/Vivado/Projects/FinalProject/FinalProject.srcs/sources_1/new/robotFSM.vhd" Line 294
step
Stopped at time : 39 ns : File "C:/Xilinx/Vivado/Projects/FinalProject/FinalProject.srcs/sources_1/new/robotFSM.vhd" Line 295
step
Stopped at time : 40 ns : File "C:/Xilinx/Vivado/Projects/FinalProject/FinalProject.srcs/sim_1/new/robotFSM_tb.vhd" Line 75
step
Stopped at time : 40 ns : File "C:/Xilinx/Vivado/Projects/FinalProject/FinalProject.srcs/sim_1/new/robotFSM_tb.vhd" Line 76
step
Stopped at time : 40 ns : File "C:/Xilinx/Vivado/Projects/FinalProject/FinalProject.srcs/sources_1/new/memory.vhd" Line 56
step
Stopped at time : 40 ns : File "C:/Xilinx/Vivado/Projects/FinalProject/FinalProject.srcs/sources_1/new/memory.vhd" Line 57
step
Stopped at time : 40 ns : File "C:/Xilinx/Vivado/Projects/FinalProject/FinalProject.srcs/sources_1/new/robotFSM.vhd" Line 66
step
Stopped at time : 41 ns : File "C:/Xilinx/Vivado/Projects/FinalProject/FinalProject.srcs/sim_1/new/robotFSM_tb.vhd" Line 77
step
Stopped at time : 41 ns : File "C:/Xilinx/Vivado/Projects/FinalProject/FinalProject.srcs/sim_1/new/robotFSM_tb.vhd" Line 78
step
Stopped at time : 41 ns : File "C:/Xilinx/Vivado/Projects/FinalProject/FinalProject.srcs/sources_1/new/memory.vhd" Line 56
step
Stopped at time : 41 ns : File "C:/Xilinx/Vivado/Projects/FinalProject/FinalProject.srcs/sources_1/new/memory.vhd" Line 57
step
Stopped at time : 41 ns : File "C:/Xilinx/Vivado/Projects/FinalProject/FinalProject.srcs/sources_1/new/memory.vhd" Line 58
step
Stopped at time : 41 ns : File "C:/Xilinx/Vivado/Projects/FinalProject/FinalProject.srcs/sources_1/new/memory.vhd" Line 62
step
Stopped at time : 41 ns : File "C:/Xilinx/Vivado/Projects/FinalProject/FinalProject.srcs/sources_1/new/robotFSM.vhd" Line 66
step
Stopped at time : 41 ns : File "C:/Xilinx/Vivado/Projects/FinalProject/FinalProject.srcs/sources_1/new/robotFSM.vhd" Line 67
step
Stopped at time : 41 ns : File "C:/Xilinx/Vivado/Projects/FinalProject/FinalProject.srcs/sources_1/new/robotFSM.vhd" Line 80
step
Stopped at time : 41 ns : File "C:/Xilinx/Vivado/Projects/FinalProject/FinalProject.srcs/sources_1/new/robotFSM.vhd" Line 297
step
Stopped at time : 42 ns : File "C:/Xilinx/Vivado/Projects/FinalProject/FinalProject.srcs/sim_1/new/robotFSM_tb.vhd" Line 75
step
Stopped at time : 42 ns : File "C:/Xilinx/Vivado/Projects/FinalProject/FinalProject.srcs/sim_1/new/robotFSM_tb.vhd" Line 76
step
Stopped at time : 42 ns : File "C:/Xilinx/Vivado/Projects/FinalProject/FinalProject.srcs/sources_1/new/memory.vhd" Line 56
step
Stopped at time : 42 ns : File "C:/Xilinx/Vivado/Projects/FinalProject/FinalProject.srcs/sources_1/new/memory.vhd" Line 57
step
Stopped at time : 42 ns : File "C:/Xilinx/Vivado/Projects/FinalProject/FinalProject.srcs/sources_1/new/robotFSM.vhd" Line 66
step
Stopped at time : 43 ns : File "C:/Xilinx/Vivado/Projects/FinalProject/FinalProject.srcs/sim_1/new/robotFSM_tb.vhd" Line 77
step
Stopped at time : 43 ns : File "C:/Xilinx/Vivado/Projects/FinalProject/FinalProject.srcs/sim_1/new/robotFSM_tb.vhd" Line 78
step
Stopped at time : 43 ns : File "C:/Xilinx/Vivado/Projects/FinalProject/FinalProject.srcs/sources_1/new/memory.vhd" Line 56
step
Stopped at time : 43 ns : File "C:/Xilinx/Vivado/Projects/FinalProject/FinalProject.srcs/sources_1/new/memory.vhd" Line 57
step
Stopped at time : 43 ns : File "C:/Xilinx/Vivado/Projects/FinalProject/FinalProject.srcs/sources_1/new/memory.vhd" Line 58
step
Stopped at time : 43 ns : File "C:/Xilinx/Vivado/Projects/FinalProject/FinalProject.srcs/sources_1/new/memory.vhd" Line 62
step
Stopped at time : 43 ns : File "C:/Xilinx/Vivado/Projects/FinalProject/FinalProject.srcs/sources_1/new/robotFSM.vhd" Line 66
step
Stopped at time : 43 ns : File "C:/Xilinx/Vivado/Projects/FinalProject/FinalProject.srcs/sources_1/new/robotFSM.vhd" Line 67
step
Stopped at time : 43 ns : File "C:/Xilinx/Vivado/Projects/FinalProject/FinalProject.srcs/sources_1/new/robotFSM.vhd" Line 80
step
Stopped at time : 43 ns : File "C:/Xilinx/Vivado/Projects/FinalProject/FinalProject.srcs/sources_1/new/robotFSM.vhd" Line 90
step
Stopped at time : 43 ns : File "C:/Xilinx/Vivado/Projects/FinalProject/FinalProject.srcs/sources_1/new/robotFSM.vhd" Line 93
step
Stopped at time : 43 ns : File "C:/Xilinx/Vivado/Projects/FinalProject/FinalProject.srcs/sources_1/new/robotFSM.vhd" Line 94
step
Stopped at time : 44 ns : File "C:/Xilinx/Vivado/Projects/FinalProject/FinalProject.srcs/sim_1/new/robotFSM_tb.vhd" Line 75
step
Stopped at time : 44 ns : File "C:/Xilinx/Vivado/Projects/FinalProject/FinalProject.srcs/sim_1/new/robotFSM_tb.vhd" Line 76
step
Stopped at time : 44 ns : File "C:/Xilinx/Vivado/Projects/FinalProject/FinalProject.srcs/sources_1/new/memory.vhd" Line 56
step
Stopped at time : 44 ns : File "C:/Xilinx/Vivado/Projects/FinalProject/FinalProject.srcs/sources_1/new/memory.vhd" Line 57
step
Stopped at time : 44 ns : File "C:/Xilinx/Vivado/Projects/FinalProject/FinalProject.srcs/sources_1/new/robotFSM.vhd" Line 66
step
Stopped at time : 45 ns : File "C:/Xilinx/Vivado/Projects/FinalProject/FinalProject.srcs/sim_1/new/robotFSM_tb.vhd" Line 77
step
Stopped at time : 45 ns : File "C:/Xilinx/Vivado/Projects/FinalProject/FinalProject.srcs/sim_1/new/robotFSM_tb.vhd" Line 78
step
Stopped at time : 45 ns : File "C:/Xilinx/Vivado/Projects/FinalProject/FinalProject.srcs/sources_1/new/memory.vhd" Line 56
step
Stopped at time : 45 ns : File "C:/Xilinx/Vivado/Projects/FinalProject/FinalProject.srcs/sources_1/new/memory.vhd" Line 57
step
Stopped at time : 45 ns : File "C:/Xilinx/Vivado/Projects/FinalProject/FinalProject.srcs/sources_1/new/memory.vhd" Line 58
step
Stopped at time : 45 ns : File "C:/Xilinx/Vivado/Projects/FinalProject/FinalProject.srcs/sources_1/new/memory.vhd" Line 62
step
Stopped at time : 45 ns : File "C:/Xilinx/Vivado/Projects/FinalProject/FinalProject.srcs/sources_1/new/robotFSM.vhd" Line 66
step
Stopped at time : 45 ns : File "C:/Xilinx/Vivado/Projects/FinalProject/FinalProject.srcs/sources_1/new/robotFSM.vhd" Line 67
step
Stopped at time : 45 ns : File "C:/Xilinx/Vivado/Projects/FinalProject/FinalProject.srcs/sources_1/new/robotFSM.vhd" Line 80
step
Stopped at time : 45 ns : File "C:/Xilinx/Vivado/Projects/FinalProject/FinalProject.srcs/sources_1/new/robotFSM.vhd" Line 97
step
Stopped at time : 46 ns : File "C:/Xilinx/Vivado/Projects/FinalProject/FinalProject.srcs/sim_1/new/robotFSM_tb.vhd" Line 75
step
Stopped at time : 46 ns : File "C:/Xilinx/Vivado/Projects/FinalProject/FinalProject.srcs/sim_1/new/robotFSM_tb.vhd" Line 76
step
Stopped at time : 46 ns : File "C:/Xilinx/Vivado/Projects/FinalProject/FinalProject.srcs/sources_1/new/memory.vhd" Line 56
step
Stopped at time : 46 ns : File "C:/Xilinx/Vivado/Projects/FinalProject/FinalProject.srcs/sources_1/new/memory.vhd" Line 57
step
Stopped at time : 46 ns : File "C:/Xilinx/Vivado/Projects/FinalProject/FinalProject.srcs/sources_1/new/robotFSM.vhd" Line 66
step
Stopped at time : 47 ns : File "C:/Xilinx/Vivado/Projects/FinalProject/FinalProject.srcs/sim_1/new/robotFSM_tb.vhd" Line 77
step
Stopped at time : 47 ns : File "C:/Xilinx/Vivado/Projects/FinalProject/FinalProject.srcs/sim_1/new/robotFSM_tb.vhd" Line 78
step
Stopped at time : 47 ns : File "C:/Xilinx/Vivado/Projects/FinalProject/FinalProject.srcs/sources_1/new/memory.vhd" Line 56
step
Stopped at time : 47 ns : File "C:/Xilinx/Vivado/Projects/FinalProject/FinalProject.srcs/sources_1/new/memory.vhd" Line 57
step
Stopped at time : 47 ns : File "C:/Xilinx/Vivado/Projects/FinalProject/FinalProject.srcs/sources_1/new/memory.vhd" Line 58
step
Stopped at time : 47 ns : File "C:/Xilinx/Vivado/Projects/FinalProject/FinalProject.srcs/sources_1/new/memory.vhd" Line 62
step
Stopped at time : 47 ns : File "C:/Xilinx/Vivado/Projects/FinalProject/FinalProject.srcs/sources_1/new/robotFSM.vhd" Line 66
step
Stopped at time : 47 ns : File "C:/Xilinx/Vivado/Projects/FinalProject/FinalProject.srcs/sources_1/new/robotFSM.vhd" Line 67
step
Stopped at time : 47 ns : File "C:/Xilinx/Vivado/Projects/FinalProject/FinalProject.srcs/sources_1/new/robotFSM.vhd" Line 80
step
Stopped at time : 47 ns : File "C:/Xilinx/Vivado/Projects/FinalProject/FinalProject.srcs/sources_1/new/robotFSM.vhd" Line 99
step
Stopped at time : 48 ns : File "C:/Xilinx/Vivado/Projects/FinalProject/FinalProject.srcs/sim_1/new/robotFSM_tb.vhd" Line 75
step
Stopped at time : 48 ns : File "C:/Xilinx/Vivado/Projects/FinalProject/FinalProject.srcs/sim_1/new/robotFSM_tb.vhd" Line 76
step
Stopped at time : 48 ns : File "C:/Xilinx/Vivado/Projects/FinalProject/FinalProject.srcs/sources_1/new/memory.vhd" Line 56
step
Stopped at time : 48 ns : File "C:/Xilinx/Vivado/Projects/FinalProject/FinalProject.srcs/sources_1/new/memory.vhd" Line 57
step
Stopped at time : 48 ns : File "C:/Xilinx/Vivado/Projects/FinalProject/FinalProject.srcs/sources_1/new/robotFSM.vhd" Line 66
step
Stopped at time : 49 ns : File "C:/Xilinx/Vivado/Projects/FinalProject/FinalProject.srcs/sim_1/new/robotFSM_tb.vhd" Line 77
step
Stopped at time : 49 ns : File "C:/Xilinx/Vivado/Projects/FinalProject/FinalProject.srcs/sim_1/new/robotFSM_tb.vhd" Line 78
step
Stopped at time : 49 ns : File "C:/Xilinx/Vivado/Projects/FinalProject/FinalProject.srcs/sources_1/new/memory.vhd" Line 56
step
Stopped at time : 49 ns : File "C:/Xilinx/Vivado/Projects/FinalProject/FinalProject.srcs/sources_1/new/memory.vhd" Line 57
step
Stopped at time : 49 ns : File "C:/Xilinx/Vivado/Projects/FinalProject/FinalProject.srcs/sources_1/new/memory.vhd" Line 58
step
Stopped at time : 49 ns : File "C:/Xilinx/Vivado/Projects/FinalProject/FinalProject.srcs/sources_1/new/memory.vhd" Line 62
step
Stopped at time : 49 ns : File "C:/Xilinx/Vivado/Projects/FinalProject/FinalProject.srcs/sources_1/new/robotFSM.vhd" Line 66
step
Stopped at time : 49 ns : File "C:/Xilinx/Vivado/Projects/FinalProject/FinalProject.srcs/sources_1/new/robotFSM.vhd" Line 67
step
Stopped at time : 49 ns : File "C:/Xilinx/Vivado/Projects/FinalProject/FinalProject.srcs/sources_1/new/robotFSM.vhd" Line 80
step
Stopped at time : 49 ns : File "C:/Xilinx/Vivado/Projects/FinalProject/FinalProject.srcs/sources_1/new/robotFSM.vhd" Line 101
step
Stopped at time : 49 ns : File "C:/Xilinx/Vivado/Projects/FinalProject/FinalProject.srcs/sources_1/new/robotFSM.vhd" Line 102
step
Stopped at time : 49 ns : File "C:/Xilinx/Vivado/Projects/FinalProject/FinalProject.srcs/sources_1/new/robotFSM.vhd" Line 103
step
Stopped at time : 49 ns : File "C:/Xilinx/Vivado/Projects/FinalProject/FinalProject.srcs/sources_1/new/robotFSM.vhd" Line 104
step
Stopped at time : 49 ns : File "C:/Xilinx/Vivado/Projects/FinalProject/FinalProject.srcs/sources_1/new/robotFSM.vhd" Line 105
step
Stopped at time : 50 ns : File "C:/Xilinx/Vivado/Projects/FinalProject/FinalProject.srcs/sim_1/new/robotFSM_tb.vhd" Line 75
step
Stopped at time : 50 ns : File "C:/Xilinx/Vivado/Projects/FinalProject/FinalProject.srcs/sim_1/new/robotFSM_tb.vhd" Line 76
step
Stopped at time : 50 ns : File "C:/Xilinx/Vivado/Projects/FinalProject/FinalProject.srcs/sources_1/new/memory.vhd" Line 56
step
Stopped at time : 50 ns : File "C:/Xilinx/Vivado/Projects/FinalProject/FinalProject.srcs/sources_1/new/memory.vhd" Line 57
step
Stopped at time : 50 ns : File "C:/Xilinx/Vivado/Projects/FinalProject/FinalProject.srcs/sources_1/new/robotFSM.vhd" Line 66
step
Stopped at time : 51 ns : File "C:/Xilinx/Vivado/Projects/FinalProject/FinalProject.srcs/sim_1/new/robotFSM_tb.vhd" Line 77
step
Stopped at time : 51 ns : File "C:/Xilinx/Vivado/Projects/FinalProject/FinalProject.srcs/sim_1/new/robotFSM_tb.vhd" Line 78
step
Stopped at time : 51 ns : File "C:/Xilinx/Vivado/Projects/FinalProject/FinalProject.srcs/sources_1/new/memory.vhd" Line 56
step
Stopped at time : 51 ns : File "C:/Xilinx/Vivado/Projects/FinalProject/FinalProject.srcs/sources_1/new/memory.vhd" Line 57
step
Stopped at time : 51 ns : File "C:/Xilinx/Vivado/Projects/FinalProject/FinalProject.srcs/sources_1/new/memory.vhd" Line 58
step
Stopped at time : 51 ns : File "C:/Xilinx/Vivado/Projects/FinalProject/FinalProject.srcs/sources_1/new/memory.vhd" Line 59
step
Stopped at time : 51 ns : File "C:/Xilinx/Vivado/Projects/FinalProject/FinalProject.srcs/sources_1/new/memory.vhd" Line 60
step
Stopped at time : 51 ns : File "C:/Xilinx/Vivado/Projects/FinalProject/FinalProject.srcs/sources_1/new/robotFSM.vhd" Line 66
step
Stopped at time : 51 ns : File "C:/Xilinx/Vivado/Projects/FinalProject/FinalProject.srcs/sources_1/new/robotFSM.vhd" Line 67
step
Stopped at time : 51 ns : File "C:/Xilinx/Vivado/Projects/FinalProject/FinalProject.srcs/sources_1/new/robotFSM.vhd" Line 80
step
Stopped at time : 51 ns : File "C:/Xilinx/Vivado/Projects/FinalProject/FinalProject.srcs/sources_1/new/robotFSM.vhd" Line 285
step
Stopped at time : 51 ns : File "C:/Xilinx/Vivado/Projects/FinalProject/FinalProject.srcs/sources_1/new/robotFSM.vhd" Line 286
step
Stopped at time : 52 ns : File "C:/Xilinx/Vivado/Projects/FinalProject/FinalProject.srcs/sim_1/new/robotFSM_tb.vhd" Line 75
step
Stopped at time : 52 ns : File "C:/Xilinx/Vivado/Projects/FinalProject/FinalProject.srcs/sim_1/new/robotFSM_tb.vhd" Line 76
step
Stopped at time : 52 ns : File "C:/Xilinx/Vivado/Projects/FinalProject/FinalProject.srcs/sources_1/new/memory.vhd" Line 56
step
Stopped at time : 52 ns : File "C:/Xilinx/Vivado/Projects/FinalProject/FinalProject.srcs/sources_1/new/memory.vhd" Line 57
step
Stopped at time : 52 ns : File "C:/Xilinx/Vivado/Projects/FinalProject/FinalProject.srcs/sources_1/new/robotFSM.vhd" Line 66
step
Stopped at time : 53 ns : File "C:/Xilinx/Vivado/Projects/FinalProject/FinalProject.srcs/sim_1/new/robotFSM_tb.vhd" Line 77
step
Stopped at time : 53 ns : File "C:/Xilinx/Vivado/Projects/FinalProject/FinalProject.srcs/sim_1/new/robotFSM_tb.vhd" Line 78
step
Stopped at time : 53 ns : File "C:/Xilinx/Vivado/Projects/FinalProject/FinalProject.srcs/sources_1/new/memory.vhd" Line 56
step
Stopped at time : 53 ns : File "C:/Xilinx/Vivado/Projects/FinalProject/FinalProject.srcs/sources_1/new/memory.vhd" Line 57
step
Stopped at time : 53 ns : File "C:/Xilinx/Vivado/Projects/FinalProject/FinalProject.srcs/sources_1/new/memory.vhd" Line 58
step
Stopped at time : 53 ns : File "C:/Xilinx/Vivado/Projects/FinalProject/FinalProject.srcs/sources_1/new/memory.vhd" Line 59
step
Stopped at time : 53 ns : File "C:/Xilinx/Vivado/Projects/FinalProject/FinalProject.srcs/sources_1/new/memory.vhd" Line 60
step
Stopped at time : 53 ns : File "C:/Xilinx/Vivado/Projects/FinalProject/FinalProject.srcs/sources_1/new/robotFSM.vhd" Line 66
step
Stopped at time : 53 ns : File "C:/Xilinx/Vivado/Projects/FinalProject/FinalProject.srcs/sources_1/new/robotFSM.vhd" Line 67
step
Stopped at time : 53 ns : File "C:/Xilinx/Vivado/Projects/FinalProject/FinalProject.srcs/sources_1/new/robotFSM.vhd" Line 80
step
Stopped at time : 53 ns : File "C:/Xilinx/Vivado/Projects/FinalProject/FinalProject.srcs/sources_1/new/robotFSM.vhd" Line 288
step
Stopped at time : 54 ns : File "C:/Xilinx/Vivado/Projects/FinalProject/FinalProject.srcs/sim_1/new/robotFSM_tb.vhd" Line 75
step
Stopped at time : 54 ns : File "C:/Xilinx/Vivado/Projects/FinalProject/FinalProject.srcs/sim_1/new/robotFSM_tb.vhd" Line 76
step
Stopped at time : 54 ns : File "C:/Xilinx/Vivado/Projects/FinalProject/FinalProject.srcs/sources_1/new/memory.vhd" Line 56
step
Stopped at time : 54 ns : File "C:/Xilinx/Vivado/Projects/FinalProject/FinalProject.srcs/sources_1/new/memory.vhd" Line 57
step
Stopped at time : 54 ns : File "C:/Xilinx/Vivado/Projects/FinalProject/FinalProject.srcs/sources_1/new/robotFSM.vhd" Line 66
step
Stopped at time : 55 ns : File "C:/Xilinx/Vivado/Projects/FinalProject/FinalProject.srcs/sim_1/new/robotFSM_tb.vhd" Line 77
step
Stopped at time : 55 ns : File "C:/Xilinx/Vivado/Projects/FinalProject/FinalProject.srcs/sim_1/new/robotFSM_tb.vhd" Line 78
step
Stopped at time : 55 ns : File "C:/Xilinx/Vivado/Projects/FinalProject/FinalProject.srcs/sources_1/new/memory.vhd" Line 56
step
Stopped at time : 55 ns : File "C:/Xilinx/Vivado/Projects/FinalProject/FinalProject.srcs/sources_1/new/memory.vhd" Line 57
step
Stopped at time : 55 ns : File "C:/Xilinx/Vivado/Projects/FinalProject/FinalProject.srcs/sources_1/new/memory.vhd" Line 58
step
Stopped at time : 55 ns : File "C:/Xilinx/Vivado/Projects/FinalProject/FinalProject.srcs/sources_1/new/memory.vhd" Line 59
step
Stopped at time : 55 ns : File "C:/Xilinx/Vivado/Projects/FinalProject/FinalProject.srcs/sources_1/new/memory.vhd" Line 60
step
Stopped at time : 55 ns : File "C:/Xilinx/Vivado/Projects/FinalProject/FinalProject.srcs/sources_1/new/robotFSM.vhd" Line 66
step
Stopped at time : 55 ns : File "C:/Xilinx/Vivado/Projects/FinalProject/FinalProject.srcs/sources_1/new/robotFSM.vhd" Line 67
step
Stopped at time : 55 ns : File "C:/Xilinx/Vivado/Projects/FinalProject/FinalProject.srcs/sources_1/new/robotFSM.vhd" Line 80
step
Stopped at time : 55 ns : File "C:/Xilinx/Vivado/Projects/FinalProject/FinalProject.srcs/sources_1/new/robotFSM.vhd" Line 290
step
Stopped at time : 55 ns : File "C:/Xilinx/Vivado/Projects/FinalProject/FinalProject.srcs/sources_1/new/robotFSM.vhd" Line 291
step
Stopped at time : 55 ns : File "C:/Xilinx/Vivado/Projects/FinalProject/FinalProject.srcs/sources_1/new/robotFSM.vhd" Line 292
step
Stopped at time : 55 ns : File "C:/Xilinx/Vivado/Projects/FinalProject/FinalProject.srcs/sources_1/new/robotFSM.vhd" Line 293
step
Stopped at time : 55 ns : File "C:/Xilinx/Vivado/Projects/FinalProject/FinalProject.srcs/sources_1/new/robotFSM.vhd" Line 294
step
Stopped at time : 55 ns : File "C:/Xilinx/Vivado/Projects/FinalProject/FinalProject.srcs/sources_1/new/robotFSM.vhd" Line 295
step
Stopped at time : 56 ns : File "C:/Xilinx/Vivado/Projects/FinalProject/FinalProject.srcs/sim_1/new/robotFSM_tb.vhd" Line 75
step
Stopped at time : 56 ns : File "C:/Xilinx/Vivado/Projects/FinalProject/FinalProject.srcs/sim_1/new/robotFSM_tb.vhd" Line 76
step
Stopped at time : 56 ns : File "C:/Xilinx/Vivado/Projects/FinalProject/FinalProject.srcs/sources_1/new/memory.vhd" Line 56
step
Stopped at time : 56 ns : File "C:/Xilinx/Vivado/Projects/FinalProject/FinalProject.srcs/sources_1/new/memory.vhd" Line 57
step
Stopped at time : 56 ns : File "C:/Xilinx/Vivado/Projects/FinalProject/FinalProject.srcs/sources_1/new/robotFSM.vhd" Line 66
step
Stopped at time : 57 ns : File "C:/Xilinx/Vivado/Projects/FinalProject/FinalProject.srcs/sim_1/new/robotFSM_tb.vhd" Line 77
step
Stopped at time : 57 ns : File "C:/Xilinx/Vivado/Projects/FinalProject/FinalProject.srcs/sim_1/new/robotFSM_tb.vhd" Line 78
step
Stopped at time : 57 ns : File "C:/Xilinx/Vivado/Projects/FinalProject/FinalProject.srcs/sources_1/new/memory.vhd" Line 56
step
Stopped at time : 57 ns : File "C:/Xilinx/Vivado/Projects/FinalProject/FinalProject.srcs/sources_1/new/memory.vhd" Line 57
step
Stopped at time : 57 ns : File "C:/Xilinx/Vivado/Projects/FinalProject/FinalProject.srcs/sources_1/new/memory.vhd" Line 58
step
Stopped at time : 57 ns : File "C:/Xilinx/Vivado/Projects/FinalProject/FinalProject.srcs/sources_1/new/memory.vhd" Line 62
step
Stopped at time : 57 ns : File "C:/Xilinx/Vivado/Projects/FinalProject/FinalProject.srcs/sources_1/new/robotFSM.vhd" Line 66
step
Stopped at time : 57 ns : File "C:/Xilinx/Vivado/Projects/FinalProject/FinalProject.srcs/sources_1/new/robotFSM.vhd" Line 67
step
Stopped at time : 57 ns : File "C:/Xilinx/Vivado/Projects/FinalProject/FinalProject.srcs/sources_1/new/robotFSM.vhd" Line 80
step
Stopped at time : 57 ns : File "C:/Xilinx/Vivado/Projects/FinalProject/FinalProject.srcs/sources_1/new/robotFSM.vhd" Line 297
step
Stopped at time : 58 ns : File "C:/Xilinx/Vivado/Projects/FinalProject/FinalProject.srcs/sim_1/new/robotFSM_tb.vhd" Line 75
step
Stopped at time : 58 ns : File "C:/Xilinx/Vivado/Projects/FinalProject/FinalProject.srcs/sim_1/new/robotFSM_tb.vhd" Line 76
step
Stopped at time : 58 ns : File "C:/Xilinx/Vivado/Projects/FinalProject/FinalProject.srcs/sources_1/new/memory.vhd" Line 56
step
Stopped at time : 58 ns : File "C:/Xilinx/Vivado/Projects/FinalProject/FinalProject.srcs/sources_1/new/memory.vhd" Line 57
step
Stopped at time : 58 ns : File "C:/Xilinx/Vivado/Projects/FinalProject/FinalProject.srcs/sources_1/new/robotFSM.vhd" Line 66
step
Stopped at time : 59 ns : File "C:/Xilinx/Vivado/Projects/FinalProject/FinalProject.srcs/sim_1/new/robotFSM_tb.vhd" Line 77
step
Stopped at time : 59 ns : File "C:/Xilinx/Vivado/Projects/FinalProject/FinalProject.srcs/sim_1/new/robotFSM_tb.vhd" Line 78
step
Stopped at time : 59 ns : File "C:/Xilinx/Vivado/Projects/FinalProject/FinalProject.srcs/sources_1/new/memory.vhd" Line 56
step
Stopped at time : 59 ns : File "C:/Xilinx/Vivado/Projects/FinalProject/FinalProject.srcs/sources_1/new/memory.vhd" Line 57
step
Stopped at time : 59 ns : File "C:/Xilinx/Vivado/Projects/FinalProject/FinalProject.srcs/sources_1/new/memory.vhd" Line 58
step
Stopped at time : 59 ns : File "C:/Xilinx/Vivado/Projects/FinalProject/FinalProject.srcs/sources_1/new/memory.vhd" Line 62
step
Stopped at time : 59 ns : File "C:/Xilinx/Vivado/Projects/FinalProject/FinalProject.srcs/sources_1/new/robotFSM.vhd" Line 66
step
Stopped at time : 59 ns : File "C:/Xilinx/Vivado/Projects/FinalProject/FinalProject.srcs/sources_1/new/robotFSM.vhd" Line 67
step
Stopped at time : 59 ns : File "C:/Xilinx/Vivado/Projects/FinalProject/FinalProject.srcs/sources_1/new/robotFSM.vhd" Line 80
step
Stopped at time : 59 ns : File "C:/Xilinx/Vivado/Projects/FinalProject/FinalProject.srcs/sources_1/new/robotFSM.vhd" Line 90
step
Stopped at time : 59 ns : File "C:/Xilinx/Vivado/Projects/FinalProject/FinalProject.srcs/sources_1/new/robotFSM.vhd" Line 93
step
Stopped at time : 59 ns : File "C:/Xilinx/Vivado/Projects/FinalProject/FinalProject.srcs/sources_1/new/robotFSM.vhd" Line 94
step
Stopped at time : 60 ns : File "C:/Xilinx/Vivado/Projects/FinalProject/FinalProject.srcs/sim_1/new/robotFSM_tb.vhd" Line 75
step
Stopped at time : 60 ns : File "C:/Xilinx/Vivado/Projects/FinalProject/FinalProject.srcs/sim_1/new/robotFSM_tb.vhd" Line 76
step
Stopped at time : 60 ns : File "C:/Xilinx/Vivado/Projects/FinalProject/FinalProject.srcs/sources_1/new/memory.vhd" Line 56
step
Stopped at time : 60 ns : File "C:/Xilinx/Vivado/Projects/FinalProject/FinalProject.srcs/sources_1/new/memory.vhd" Line 57
step
Stopped at time : 60 ns : File "C:/Xilinx/Vivado/Projects/FinalProject/FinalProject.srcs/sources_1/new/robotFSM.vhd" Line 66
step
Stopped at time : 61 ns : File "C:/Xilinx/Vivado/Projects/FinalProject/FinalProject.srcs/sim_1/new/robotFSM_tb.vhd" Line 77
step
Stopped at time : 61 ns : File "C:/Xilinx/Vivado/Projects/FinalProject/FinalProject.srcs/sim_1/new/robotFSM_tb.vhd" Line 78
step
Stopped at time : 61 ns : File "C:/Xilinx/Vivado/Projects/FinalProject/FinalProject.srcs/sources_1/new/memory.vhd" Line 56
step
Stopped at time : 61 ns : File "C:/Xilinx/Vivado/Projects/FinalProject/FinalProject.srcs/sources_1/new/memory.vhd" Line 57
step
Stopped at time : 61 ns : File "C:/Xilinx/Vivado/Projects/FinalProject/FinalProject.srcs/sources_1/new/memory.vhd" Line 58
step
Stopped at time : 61 ns : File "C:/Xilinx/Vivado/Projects/FinalProject/FinalProject.srcs/sources_1/new/memory.vhd" Line 62
step
Stopped at time : 61 ns : File "C:/Xilinx/Vivado/Projects/FinalProject/FinalProject.srcs/sources_1/new/robotFSM.vhd" Line 66
step
Stopped at time : 61 ns : File "C:/Xilinx/Vivado/Projects/FinalProject/FinalProject.srcs/sources_1/new/robotFSM.vhd" Line 67
step
Stopped at time : 61 ns : File "C:/Xilinx/Vivado/Projects/FinalProject/FinalProject.srcs/sources_1/new/robotFSM.vhd" Line 80
step
Stopped at time : 61 ns : File "C:/Xilinx/Vivado/Projects/FinalProject/FinalProject.srcs/sources_1/new/robotFSM.vhd" Line 97
step
Stopped at time : 62 ns : File "C:/Xilinx/Vivado/Projects/FinalProject/FinalProject.srcs/sim_1/new/robotFSM_tb.vhd" Line 75
step
Stopped at time : 62 ns : File "C:/Xilinx/Vivado/Projects/FinalProject/FinalProject.srcs/sim_1/new/robotFSM_tb.vhd" Line 76
step
Stopped at time : 62 ns : File "C:/Xilinx/Vivado/Projects/FinalProject/FinalProject.srcs/sources_1/new/memory.vhd" Line 56
step
Stopped at time : 62 ns : File "C:/Xilinx/Vivado/Projects/FinalProject/FinalProject.srcs/sources_1/new/memory.vhd" Line 57
step
Stopped at time : 62 ns : File "C:/Xilinx/Vivado/Projects/FinalProject/FinalProject.srcs/sources_1/new/robotFSM.vhd" Line 66
step
Stopped at time : 63 ns : File "C:/Xilinx/Vivado/Projects/FinalProject/FinalProject.srcs/sim_1/new/robotFSM_tb.vhd" Line 77
step
Stopped at time : 63 ns : File "C:/Xilinx/Vivado/Projects/FinalProject/FinalProject.srcs/sim_1/new/robotFSM_tb.vhd" Line 78
step
Stopped at time : 63 ns : File "C:/Xilinx/Vivado/Projects/FinalProject/FinalProject.srcs/sources_1/new/memory.vhd" Line 56
step
Stopped at time : 63 ns : File "C:/Xilinx/Vivado/Projects/FinalProject/FinalProject.srcs/sources_1/new/memory.vhd" Line 57
step
Stopped at time : 63 ns : File "C:/Xilinx/Vivado/Projects/FinalProject/FinalProject.srcs/sources_1/new/memory.vhd" Line 58
step
Stopped at time : 63 ns : File "C:/Xilinx/Vivado/Projects/FinalProject/FinalProject.srcs/sources_1/new/memory.vhd" Line 62
step
Stopped at time : 63 ns : File "C:/Xilinx/Vivado/Projects/FinalProject/FinalProject.srcs/sources_1/new/robotFSM.vhd" Line 66
step
Stopped at time : 63 ns : File "C:/Xilinx/Vivado/Projects/FinalProject/FinalProject.srcs/sources_1/new/robotFSM.vhd" Line 67
step
Stopped at time : 63 ns : File "C:/Xilinx/Vivado/Projects/FinalProject/FinalProject.srcs/sources_1/new/robotFSM.vhd" Line 80
step
Stopped at time : 63 ns : File "C:/Xilinx/Vivado/Projects/FinalProject/FinalProject.srcs/sources_1/new/robotFSM.vhd" Line 99
step
Stopped at time : 64 ns : File "C:/Xilinx/Vivado/Projects/FinalProject/FinalProject.srcs/sim_1/new/robotFSM_tb.vhd" Line 75
step
Stopped at time : 64 ns : File "C:/Xilinx/Vivado/Projects/FinalProject/FinalProject.srcs/sim_1/new/robotFSM_tb.vhd" Line 76
step
Stopped at time : 64 ns : File "C:/Xilinx/Vivado/Projects/FinalProject/FinalProject.srcs/sources_1/new/memory.vhd" Line 56
step
Stopped at time : 64 ns : File "C:/Xilinx/Vivado/Projects/FinalProject/FinalProject.srcs/sources_1/new/memory.vhd" Line 57
step
Stopped at time : 64 ns : File "C:/Xilinx/Vivado/Projects/FinalProject/FinalProject.srcs/sources_1/new/robotFSM.vhd" Line 66
step
Stopped at time : 65 ns : File "C:/Xilinx/Vivado/Projects/FinalProject/FinalProject.srcs/sim_1/new/robotFSM_tb.vhd" Line 77
step
Stopped at time : 65 ns : File "C:/Xilinx/Vivado/Projects/FinalProject/FinalProject.srcs/sim_1/new/robotFSM_tb.vhd" Line 78
step
Stopped at time : 65 ns : File "C:/Xilinx/Vivado/Projects/FinalProject/FinalProject.srcs/sources_1/new/memory.vhd" Line 56
step
Stopped at time : 65 ns : File "C:/Xilinx/Vivado/Projects/FinalProject/FinalProject.srcs/sources_1/new/memory.vhd" Line 57
step
Stopped at time : 65 ns : File "C:/Xilinx/Vivado/Projects/FinalProject/FinalProject.srcs/sources_1/new/memory.vhd" Line 58
step
Stopped at time : 65 ns : File "C:/Xilinx/Vivado/Projects/FinalProject/FinalProject.srcs/sources_1/new/memory.vhd" Line 62
step
Stopped at time : 65 ns : File "C:/Xilinx/Vivado/Projects/FinalProject/FinalProject.srcs/sources_1/new/robotFSM.vhd" Line 66
step
Stopped at time : 65 ns : File "C:/Xilinx/Vivado/Projects/FinalProject/FinalProject.srcs/sources_1/new/robotFSM.vhd" Line 67
step
Stopped at time : 65 ns : File "C:/Xilinx/Vivado/Projects/FinalProject/FinalProject.srcs/sources_1/new/robotFSM.vhd" Line 80
step
Stopped at time : 65 ns : File "C:/Xilinx/Vivado/Projects/FinalProject/FinalProject.srcs/sources_1/new/robotFSM.vhd" Line 101
step
Stopped at time : 65 ns : File "C:/Xilinx/Vivado/Projects/FinalProject/FinalProject.srcs/sources_1/new/robotFSM.vhd" Line 102
step
Stopped at time : 65 ns : File "C:/Xilinx/Vivado/Projects/FinalProject/FinalProject.srcs/sources_1/new/robotFSM.vhd" Line 103
step
Stopped at time : 65 ns : File "C:/Xilinx/Vivado/Projects/FinalProject/FinalProject.srcs/sources_1/new/robotFSM.vhd" Line 104
step
Stopped at time : 65 ns : File "C:/Xilinx/Vivado/Projects/FinalProject/FinalProject.srcs/sources_1/new/robotFSM.vhd" Line 105
step
Stopped at time : 66 ns : File "C:/Xilinx/Vivado/Projects/FinalProject/FinalProject.srcs/sim_1/new/robotFSM_tb.vhd" Line 75
step
Stopped at time : 66 ns : File "C:/Xilinx/Vivado/Projects/FinalProject/FinalProject.srcs/sim_1/new/robotFSM_tb.vhd" Line 76
step
Stopped at time : 66 ns : File "C:/Xilinx/Vivado/Projects/FinalProject/FinalProject.srcs/sources_1/new/memory.vhd" Line 56
step
Stopped at time : 66 ns : File "C:/Xilinx/Vivado/Projects/FinalProject/FinalProject.srcs/sources_1/new/memory.vhd" Line 57
step
Stopped at time : 66 ns : File "C:/Xilinx/Vivado/Projects/FinalProject/FinalProject.srcs/sources_1/new/robotFSM.vhd" Line 66
step
Stopped at time : 67 ns : File "C:/Xilinx/Vivado/Projects/FinalProject/FinalProject.srcs/sim_1/new/robotFSM_tb.vhd" Line 77
step
Stopped at time : 67 ns : File "C:/Xilinx/Vivado/Projects/FinalProject/FinalProject.srcs/sim_1/new/robotFSM_tb.vhd" Line 78
step
Stopped at time : 67 ns : File "C:/Xilinx/Vivado/Projects/FinalProject/FinalProject.srcs/sources_1/new/memory.vhd" Line 56
step
Stopped at time : 67 ns : File "C:/Xilinx/Vivado/Projects/FinalProject/FinalProject.srcs/sources_1/new/memory.vhd" Line 57
step
Stopped at time : 67 ns : File "C:/Xilinx/Vivado/Projects/FinalProject/FinalProject.srcs/sources_1/new/memory.vhd" Line 58
step
Stopped at time : 67 ns : File "C:/Xilinx/Vivado/Projects/FinalProject/FinalProject.srcs/sources_1/new/memory.vhd" Line 59
step
Stopped at time : 67 ns : File "C:/Xilinx/Vivado/Projects/FinalProject/FinalProject.srcs/sources_1/new/memory.vhd" Line 60
step
Stopped at time : 67 ns : File "C:/Xilinx/Vivado/Projects/FinalProject/FinalProject.srcs/sources_1/new/robotFSM.vhd" Line 66
step
Stopped at time : 67 ns : File "C:/Xilinx/Vivado/Projects/FinalProject/FinalProject.srcs/sources_1/new/robotFSM.vhd" Line 67
step
Stopped at time : 67 ns : File "C:/Xilinx/Vivado/Projects/FinalProject/FinalProject.srcs/sources_1/new/robotFSM.vhd" Line 80
step
Stopped at time : 67 ns : File "C:/Xilinx/Vivado/Projects/FinalProject/FinalProject.srcs/sources_1/new/robotFSM.vhd" Line 285
step
Stopped at time : 67 ns : File "C:/Xilinx/Vivado/Projects/FinalProject/FinalProject.srcs/sources_1/new/robotFSM.vhd" Line 286
step
Stopped at time : 68 ns : File "C:/Xilinx/Vivado/Projects/FinalProject/FinalProject.srcs/sim_1/new/robotFSM_tb.vhd" Line 75
step
Stopped at time : 68 ns : File "C:/Xilinx/Vivado/Projects/FinalProject/FinalProject.srcs/sim_1/new/robotFSM_tb.vhd" Line 76
step
Stopped at time : 68 ns : File "C:/Xilinx/Vivado/Projects/FinalProject/FinalProject.srcs/sources_1/new/memory.vhd" Line 56
step
Stopped at time : 68 ns : File "C:/Xilinx/Vivado/Projects/FinalProject/FinalProject.srcs/sources_1/new/memory.vhd" Line 57
step
Stopped at time : 68 ns : File "C:/Xilinx/Vivado/Projects/FinalProject/FinalProject.srcs/sources_1/new/robotFSM.vhd" Line 66
step
Stopped at time : 69 ns : File "C:/Xilinx/Vivado/Projects/FinalProject/FinalProject.srcs/sim_1/new/robotFSM_tb.vhd" Line 77
step
Stopped at time : 69 ns : File "C:/Xilinx/Vivado/Projects/FinalProject/FinalProject.srcs/sim_1/new/robotFSM_tb.vhd" Line 78
step
Stopped at time : 69 ns : File "C:/Xilinx/Vivado/Projects/FinalProject/FinalProject.srcs/sources_1/new/memory.vhd" Line 56
step
Stopped at time : 69 ns : File "C:/Xilinx/Vivado/Projects/FinalProject/FinalProject.srcs/sources_1/new/memory.vhd" Line 57
step
Stopped at time : 69 ns : File "C:/Xilinx/Vivado/Projects/FinalProject/FinalProject.srcs/sources_1/new/memory.vhd" Line 58
step
Stopped at time : 69 ns : File "C:/Xilinx/Vivado/Projects/FinalProject/FinalProject.srcs/sources_1/new/memory.vhd" Line 59
step
Stopped at time : 69 ns : File "C:/Xilinx/Vivado/Projects/FinalProject/FinalProject.srcs/sources_1/new/memory.vhd" Line 60
step
Stopped at time : 69 ns : File "C:/Xilinx/Vivado/Projects/FinalProject/FinalProject.srcs/sources_1/new/robotFSM.vhd" Line 66
step
Stopped at time : 69 ns : File "C:/Xilinx/Vivado/Projects/FinalProject/FinalProject.srcs/sources_1/new/robotFSM.vhd" Line 67
step
Stopped at time : 69 ns : File "C:/Xilinx/Vivado/Projects/FinalProject/FinalProject.srcs/sources_1/new/robotFSM.vhd" Line 80
step
Stopped at time : 69 ns : File "C:/Xilinx/Vivado/Projects/FinalProject/FinalProject.srcs/sources_1/new/robotFSM.vhd" Line 288
step
Stopped at time : 70 ns : File "C:/Xilinx/Vivado/Projects/FinalProject/FinalProject.srcs/sim_1/new/robotFSM_tb.vhd" Line 75
step
Stopped at time : 70 ns : File "C:/Xilinx/Vivado/Projects/FinalProject/FinalProject.srcs/sim_1/new/robotFSM_tb.vhd" Line 76
step
Stopped at time : 70 ns : File "C:/Xilinx/Vivado/Projects/FinalProject/FinalProject.srcs/sources_1/new/memory.vhd" Line 56
step
Stopped at time : 70 ns : File "C:/Xilinx/Vivado/Projects/FinalProject/FinalProject.srcs/sources_1/new/memory.vhd" Line 57
step
Stopped at time : 70 ns : File "C:/Xilinx/Vivado/Projects/FinalProject/FinalProject.srcs/sources_1/new/robotFSM.vhd" Line 66
step
Stopped at time : 71 ns : File "C:/Xilinx/Vivado/Projects/FinalProject/FinalProject.srcs/sim_1/new/robotFSM_tb.vhd" Line 77
step
Stopped at time : 71 ns : File "C:/Xilinx/Vivado/Projects/FinalProject/FinalProject.srcs/sim_1/new/robotFSM_tb.vhd" Line 78
step
Stopped at time : 71 ns : File "C:/Xilinx/Vivado/Projects/FinalProject/FinalProject.srcs/sources_1/new/memory.vhd" Line 56
step
Stopped at time : 71 ns : File "C:/Xilinx/Vivado/Projects/FinalProject/FinalProject.srcs/sources_1/new/memory.vhd" Line 57
step
Stopped at time : 71 ns : File "C:/Xilinx/Vivado/Projects/FinalProject/FinalProject.srcs/sources_1/new/memory.vhd" Line 58
step
Stopped at time : 71 ns : File "C:/Xilinx/Vivado/Projects/FinalProject/FinalProject.srcs/sources_1/new/memory.vhd" Line 59
step
Stopped at time : 71 ns : File "C:/Xilinx/Vivado/Projects/FinalProject/FinalProject.srcs/sources_1/new/memory.vhd" Line 60
step
Stopped at time : 71 ns : File "C:/Xilinx/Vivado/Projects/FinalProject/FinalProject.srcs/sources_1/new/robotFSM.vhd" Line 66
step
Stopped at time : 71 ns : File "C:/Xilinx/Vivado/Projects/FinalProject/FinalProject.srcs/sources_1/new/robotFSM.vhd" Line 67
step
Stopped at time : 71 ns : File "C:/Xilinx/Vivado/Projects/FinalProject/FinalProject.srcs/sources_1/new/robotFSM.vhd" Line 80
step
Stopped at time : 71 ns : File "C:/Xilinx/Vivado/Projects/FinalProject/FinalProject.srcs/sources_1/new/robotFSM.vhd" Line 290
step
Stopped at time : 71 ns : File "C:/Xilinx/Vivado/Projects/FinalProject/FinalProject.srcs/sources_1/new/robotFSM.vhd" Line 291
step
Stopped at time : 71 ns : File "C:/Xilinx/Vivado/Projects/FinalProject/FinalProject.srcs/sources_1/new/robotFSM.vhd" Line 292
step
Stopped at time : 71 ns : File "C:/Xilinx/Vivado/Projects/FinalProject/FinalProject.srcs/sources_1/new/robotFSM.vhd" Line 293
step
Stopped at time : 71 ns : File "C:/Xilinx/Vivado/Projects/FinalProject/FinalProject.srcs/sources_1/new/robotFSM.vhd" Line 294
step
Stopped at time : 71 ns : File "C:/Xilinx/Vivado/Projects/FinalProject/FinalProject.srcs/sources_1/new/robotFSM.vhd" Line 295
step
Stopped at time : 72 ns : File "C:/Xilinx/Vivado/Projects/FinalProject/FinalProject.srcs/sim_1/new/robotFSM_tb.vhd" Line 75
step
Stopped at time : 72 ns : File "C:/Xilinx/Vivado/Projects/FinalProject/FinalProject.srcs/sim_1/new/robotFSM_tb.vhd" Line 76
step
Stopped at time : 72 ns : File "C:/Xilinx/Vivado/Projects/FinalProject/FinalProject.srcs/sources_1/new/memory.vhd" Line 56
step
Stopped at time : 72 ns : File "C:/Xilinx/Vivado/Projects/FinalProject/FinalProject.srcs/sources_1/new/memory.vhd" Line 57
step
Stopped at time : 72 ns : File "C:/Xilinx/Vivado/Projects/FinalProject/FinalProject.srcs/sources_1/new/robotFSM.vhd" Line 66
step
Stopped at time : 73 ns : File "C:/Xilinx/Vivado/Projects/FinalProject/FinalProject.srcs/sim_1/new/robotFSM_tb.vhd" Line 77
step
Stopped at time : 73 ns : File "C:/Xilinx/Vivado/Projects/FinalProject/FinalProject.srcs/sim_1/new/robotFSM_tb.vhd" Line 78
step
Stopped at time : 73 ns : File "C:/Xilinx/Vivado/Projects/FinalProject/FinalProject.srcs/sources_1/new/memory.vhd" Line 56
step
Stopped at time : 73 ns : File "C:/Xilinx/Vivado/Projects/FinalProject/FinalProject.srcs/sources_1/new/memory.vhd" Line 57
step
Stopped at time : 73 ns : File "C:/Xilinx/Vivado/Projects/FinalProject/FinalProject.srcs/sources_1/new/memory.vhd" Line 58
step
Stopped at time : 73 ns : File "C:/Xilinx/Vivado/Projects/FinalProject/FinalProject.srcs/sources_1/new/memory.vhd" Line 62
step
Stopped at time : 73 ns : File "C:/Xilinx/Vivado/Projects/FinalProject/FinalProject.srcs/sources_1/new/robotFSM.vhd" Line 66
step
Stopped at time : 73 ns : File "C:/Xilinx/Vivado/Projects/FinalProject/FinalProject.srcs/sources_1/new/robotFSM.vhd" Line 67
step
Stopped at time : 73 ns : File "C:/Xilinx/Vivado/Projects/FinalProject/FinalProject.srcs/sources_1/new/robotFSM.vhd" Line 80
step
Stopped at time : 73 ns : File "C:/Xilinx/Vivado/Projects/FinalProject/FinalProject.srcs/sources_1/new/robotFSM.vhd" Line 297
step
Stopped at time : 74 ns : File "C:/Xilinx/Vivado/Projects/FinalProject/FinalProject.srcs/sim_1/new/robotFSM_tb.vhd" Line 75
step
Stopped at time : 74 ns : File "C:/Xilinx/Vivado/Projects/FinalProject/FinalProject.srcs/sim_1/new/robotFSM_tb.vhd" Line 76
step
Stopped at time : 74 ns : File "C:/Xilinx/Vivado/Projects/FinalProject/FinalProject.srcs/sources_1/new/memory.vhd" Line 56
step
Stopped at time : 74 ns : File "C:/Xilinx/Vivado/Projects/FinalProject/FinalProject.srcs/sources_1/new/memory.vhd" Line 57
step
Stopped at time : 74 ns : File "C:/Xilinx/Vivado/Projects/FinalProject/FinalProject.srcs/sources_1/new/robotFSM.vhd" Line 66
step
Stopped at time : 75 ns : File "C:/Xilinx/Vivado/Projects/FinalProject/FinalProject.srcs/sim_1/new/robotFSM_tb.vhd" Line 77
step
Stopped at time : 75 ns : File "C:/Xilinx/Vivado/Projects/FinalProject/FinalProject.srcs/sim_1/new/robotFSM_tb.vhd" Line 78
step
Stopped at time : 75 ns : File "C:/Xilinx/Vivado/Projects/FinalProject/FinalProject.srcs/sources_1/new/memory.vhd" Line 56
step
Stopped at time : 75 ns : File "C:/Xilinx/Vivado/Projects/FinalProject/FinalProject.srcs/sources_1/new/memory.vhd" Line 57
step
Stopped at time : 75 ns : File "C:/Xilinx/Vivado/Projects/FinalProject/FinalProject.srcs/sources_1/new/memory.vhd" Line 58
step
Stopped at time : 75 ns : File "C:/Xilinx/Vivado/Projects/FinalProject/FinalProject.srcs/sources_1/new/memory.vhd" Line 62
step
Stopped at time : 75 ns : File "C:/Xilinx/Vivado/Projects/FinalProject/FinalProject.srcs/sources_1/new/robotFSM.vhd" Line 66
step
Stopped at time : 75 ns : File "C:/Xilinx/Vivado/Projects/FinalProject/FinalProject.srcs/sources_1/new/robotFSM.vhd" Line 67
step
Stopped at time : 75 ns : File "C:/Xilinx/Vivado/Projects/FinalProject/FinalProject.srcs/sources_1/new/robotFSM.vhd" Line 80
step
Stopped at time : 75 ns : File "C:/Xilinx/Vivado/Projects/FinalProject/FinalProject.srcs/sources_1/new/robotFSM.vhd" Line 90
step
Stopped at time : 75 ns : File "C:/Xilinx/Vivado/Projects/FinalProject/FinalProject.srcs/sources_1/new/robotFSM.vhd" Line 93
close_sim
INFO: [Simtcl 6-16] Simulation closed
exit
INFO: [Common 17-206] Exiting Vivado at Fri Apr  1 17:20:02 2022...
